============================= test session starts =============================
platform win32 -- Python 3.13.9, pytest-9.0.3, pluggy-1.6.0
rootdir: C:\code\labfastapi
configfile: pytest.ini
plugins: anyio-4.12.1, hydra-core-1.3.2
collected 7 items

tests\test_api.py EEEEEEE                                                [100%]

=================================== ERRORS ====================================
____________________ ERROR at setup of test_root_endpoint _____________________
C:\Users\Huawei\AppData\Local\Programs\Python\Python313\Lib\site-packages\sqlalchemy\engine\base.py:143: in __init__
    self._dbapi_connection = engine.raw_connection()
                             ^^^^^^^^^^^^^^^^^^^^^^^
C:\Users\Huawei\AppData\Local\Programs\Python\Python313\Lib\site-packages\sqlalchemy\engine\base.py:3317: in raw_connection
    return self.pool.connect()
           ^^^^^^^^^^^^^^^^^^^
C:\Users\Huawei\AppData\Local\Programs\Python\Python313\Lib\site-packages\sqlalchemy\pool\base.py:448: in connect
    return _ConnectionFairy._checkout(self)
           ^^^^^^^^^^^^^^^^^^^^^^^^^^^^^^^^
C:\Users\Huawei\AppData\Local\Programs\Python\Python313\Lib\site-packages\sqlalchemy\pool\base.py:1272: in _checkout
    fairy = _ConnectionRecord.checkout(pool)
            ^^^^^^^^^^^^^^^^^^^^^^^^^^^^^^^^
C:\Users\Huawei\AppData\Local\Programs\Python\Python313\Lib\site-packages\sqlalchemy\pool\base.py:712: in checkout
    rec = pool._do_get()
          ^^^^^^^^^^^^^^
C:\Users\Huawei\AppData\Local\Programs\Python\Python313\Lib\site-packages\sqlalchemy\pool\impl.py:177: in _do_get
    with util.safe_reraise():
         ^^^^^^^^^^^^^^^^^^^
C:\Users\Huawei\AppData\Local\Programs\Python\Python313\Lib\site-packages\sqlalchemy\util\langhelpers.py:121: in __exit__
    raise exc_value.with_traceback(exc_tb)
C:\Users\Huawei\AppData\Local\Programs\Python\Python313\Lib\site-packages\sqlalchemy\pool\impl.py:175: in _do_get
    return self._create_connection()
           ^^^^^^^^^^^^^^^^^^^^^^^^^
C:\Users\Huawei\AppData\Local\Programs\Python\Python313\Lib\site-packages\sqlalchemy\pool\base.py:389: in _create_connection
    return _ConnectionRecord(self)
           ^^^^^^^^^^^^^^^^^^^^^^^
C:\Users\Huawei\AppData\Local\Programs\Python\Python313\Lib\site-packages\sqlalchemy\pool\base.py:674: in __init__
    self.__connect()
C:\Users\Huawei\AppData\Local\Programs\Python\Python313\Lib\site-packages\sqlalchemy\pool\base.py:900: in __connect
    with util.safe_reraise():
         ^^^^^^^^^^^^^^^^^^^
C:\Users\Huawei\AppData\Local\Programs\Python\Python313\Lib\site-packages\sqlalchemy\util\langhelpers.py:121: in __exit__
    raise exc_value.with_traceback(exc_tb)
C:\Users\Huawei\AppData\Local\Programs\Python\Python313\Lib\site-packages\sqlalchemy\pool\base.py:896: in __connect
    self.dbapi_connection = connection = pool._invoke_creator(self)
                                         ^^^^^^^^^^^^^^^^^^^^^^^^^^
C:\Users\Huawei\AppData\Local\Programs\Python\Python313\Lib\site-packages\sqlalchemy\engine\create.py:667: in connect
    return dialect.connect(*cargs_tup, **cparams)
           ^^^^^^^^^^^^^^^^^^^^^^^^^^^^^^^^^^^^^^
C:\Users\Huawei\AppData\Local\Programs\Python\Python313\Lib\site-packages\sqlalchemy\engine\default.py:630: in connect
    return self.loaded_dbapi.connect(*cargs, **cparams)  # type: ignore[no-any-return]  # NOQA: E501
           ^^^^^^^^^^^^^^^^^^^^^^^^^^^^^^^^^^^^^^^^^^^^
C:\Users\Huawei\AppData\Local\Programs\Python\Python313\Lib\site-packages\psycopg2\__init__.py:135: in connect
    conn = _connect(dsn, connection_factory=connection_factory, **kwasync)
           ^^^^^^^^^^^^^^^^^^^^^^^^^^^^^^^^^^^^^^^^^^^^^^^^^^^^^^^^^^^^^^^
E   psycopg2.OperationalError: could not translate host name "db" to address: Name or service not known

The above exception was the direct cause of the following exception:
tests\test_api.py:11: in client
    with TestClient(app) as test_client:
         ^^^^^^^^^^^^^^^
C:\Users\Huawei\AppData\Local\Programs\Python\Python313\Lib\site-packages\starlette\testclient.py:688: in __enter__
    portal.call(self.wait_startup)
C:\Users\Huawei\AppData\Local\Programs\Python\Python313\Lib\site-packages\anyio\from_thread.py:334: in call
    return cast(T_Retval, self.start_task_soon(func, *args).result())
                          ^^^^^^^^^^^^^^^^^^^^^^^^^^^^^^^^^^^^^^^^^^
C:\Users\Huawei\AppData\Local\Programs\Python\Python313\Lib\concurrent\futures\_base.py:456: in result
    return self.__get_result()
           ^^^^^^^^^^^^^^^^^^^
C:\Users\Huawei\AppData\Local\Programs\Python\Python313\Lib\concurrent\futures\_base.py:401: in __get_result
    raise self._exception
C:\Users\Huawei\AppData\Local\Programs\Python\Python313\Lib\site-packages\anyio\from_thread.py:259: in _call_func
    retval = await retval_or_awaitable
             ^^^^^^^^^^^^^^^^^^^^^^^^^
C:\Users\Huawei\AppData\Local\Programs\Python\Python313\Lib\site-packages\starlette\testclient.py:723: in wait_startup
    await receive()
C:\Users\Huawei\AppData\Local\Programs\Python\Python313\Lib\site-packages\starlette\testclient.py:714: in receive
    self.task.result()
C:\Users\Huawei\AppData\Local\Programs\Python\Python313\Lib\concurrent\futures\_base.py:449: in result
    return self.__get_result()
           ^^^^^^^^^^^^^^^^^^^
C:\Users\Huawei\AppData\Local\Programs\Python\Python313\Lib\concurrent\futures\_base.py:401: in __get_result
    raise self._exception
C:\Users\Huawei\AppData\Local\Programs\Python\Python313\Lib\site-packages\anyio\from_thread.py:259: in _call_func
    retval = await retval_or_awaitable
             ^^^^^^^^^^^^^^^^^^^^^^^^^
C:\Users\Huawei\AppData\Local\Programs\Python\Python313\Lib\site-packages\starlette\testclient.py:704: in lifespan
    await self.app(scope, self.stream_receive.receive, self.stream_send.send)
C:\Users\Huawei\AppData\Local\Programs\Python\Python313\Lib\site-packages\fastapi\applications.py:1160: in __call__
    await super().__call__(scope, receive, send)
C:\Users\Huawei\AppData\Local\Programs\Python\Python313\Lib\site-packages\starlette\applications.py:107: in __call__
    await self.middleware_stack(scope, receive, send)
C:\Users\Huawei\AppData\Local\Programs\Python\Python313\Lib\site-packages\starlette\middleware\errors.py:151: in __call__
    await self.app(scope, receive, send)
C:\Users\Huawei\AppData\Local\Programs\Python\Python313\Lib\site-packages\starlette\middleware\exceptions.py:49: in __call__
    await self.app(scope, receive, send)
C:\Users\Huawei\AppData\Local\Programs\Python\Python313\Lib\site-packages\fastapi\middleware\asyncexitstack.py:18: in __call__
    await self.app(scope, receive, send)
C:\Users\Huawei\AppData\Local\Programs\Python\Python313\Lib\site-packages\starlette\routing.py:716: in __call__
    await self.middleware_stack(scope, receive, send)
C:\Users\Huawei\AppData\Local\Programs\Python\Python313\Lib\site-packages\starlette\routing.py:725: in app
    await self.lifespan(scope, receive, send)
C:\Users\Huawei\AppData\Local\Programs\Python\Python313\Lib\site-packages\starlette\routing.py:694: in lifespan
    async with self.lifespan_context(app) as maybe_state:
               ^^^^^^^^^^^^^^^^^^^^^^^^^^
C:\Users\Huawei\AppData\Local\Programs\Python\Python313\Lib\site-packages\fastapi\routing.py:237: in __aenter__
    await self._router._startup()
C:\Users\Huawei\AppData\Local\Programs\Python\Python313\Lib\site-packages\fastapi\routing.py:4880: in _startup
    await handler()
app\main.py:25: in startup_event
    init_db()
app\database.py:38: in init_db
    Base.metadata.create_all(bind=engine)
C:\Users\Huawei\AppData\Local\Programs\Python\Python313\Lib\site-packages\sqlalchemy\sql\schema.py:5928: in create_all
    bind._run_ddl_visitor(
C:\Users\Huawei\AppData\Local\Programs\Python\Python313\Lib\site-packages\sqlalchemy\engine\base.py:3267: in _run_ddl_visitor
    with self.begin() as conn:
         ^^^^^^^^^^^^
C:\Users\Huawei\AppData\Local\Programs\Python\Python313\Lib\contextlib.py:141: in __enter__
    return next(self.gen)
           ^^^^^^^^^^^^^^
C:\Users\Huawei\AppData\Local\Programs\Python\Python313\Lib\site-packages\sqlalchemy\engine\base.py:3257: in begin
    with self.connect() as conn:
         ^^^^^^^^^^^^^^
C:\Users\Huawei\AppData\Local\Programs\Python\Python313\Lib\site-packages\sqlalchemy\engine\base.py:3293: in connect
    return self._connection_cls(self)
           ^^^^^^^^^^^^^^^^^^^^^^^^^^
C:\Users\Huawei\AppData\Local\Programs\Python\Python313\Lib\site-packages\sqlalchemy\engine\base.py:145: in __init__
    Connection._handle_dbapi_exception_noconnection(
C:\Users\Huawei\AppData\Local\Programs\Python\Python313\Lib\site-packages\sqlalchemy\engine\base.py:2448: in _handle_dbapi_exception_noconnection
    raise sqlalchemy_exception.with_traceback(exc_info[2]) from e
C:\Users\Huawei\AppData\Local\Programs\Python\Python313\Lib\site-packages\sqlalchemy\engine\base.py:143: in __init__
    self._dbapi_connection = engine.raw_connection()
                             ^^^^^^^^^^^^^^^^^^^^^^^
C:\Users\Huawei\AppData\Local\Programs\Python\Python313\Lib\site-packages\sqlalchemy\engine\base.py:3317: in raw_connection
    return self.pool.connect()
           ^^^^^^^^^^^^^^^^^^^
C:\Users\Huawei\AppData\Local\Programs\Python\Python313\Lib\site-packages\sqlalchemy\pool\base.py:448: in connect
    return _ConnectionFairy._checkout(self)
           ^^^^^^^^^^^^^^^^^^^^^^^^^^^^^^^^
C:\Users\Huawei\AppData\Local\Programs\Python\Python313\Lib\site-packages\sqlalchemy\pool\base.py:1272: in _checkout
    fairy = _ConnectionRecord.checkout(pool)
            ^^^^^^^^^^^^^^^^^^^^^^^^^^^^^^^^
C:\Users\Huawei\AppData\Local\Programs\Python\Python313\Lib\site-packages\sqlalchemy\pool\base.py:712: in checkout
    rec = pool._do_get()
          ^^^^^^^^^^^^^^
C:\Users\Huawei\AppData\Local\Programs\Python\Python313\Lib\site-packages\sqlalchemy\pool\impl.py:177: in _do_get
    with util.safe_reraise():
         ^^^^^^^^^^^^^^^^^^^
C:\Users\Huawei\AppData\Local\Programs\Python\Python313\Lib\site-packages\sqlalchemy\util\langhelpers.py:121: in __exit__
    raise exc_value.with_traceback(exc_tb)
C:\Users\Huawei\AppData\Local\Programs\Python\Python313\Lib\site-packages\sqlalchemy\pool\impl.py:175: in _do_get
    return self._create_connection()
           ^^^^^^^^^^^^^^^^^^^^^^^^^
C:\Users\Huawei\AppData\Local\Programs\Python\Python313\Lib\site-packages\sqlalchemy\pool\base.py:389: in _create_connection
    return _ConnectionRecord(self)
           ^^^^^^^^^^^^^^^^^^^^^^^
C:\Users\Huawei\AppData\Local\Programs\Python\Python313\Lib\site-packages\sqlalchemy\pool\base.py:674: in __init__
    self.__connect()
C:\Users\Huawei\AppData\Local\Programs\Python\Python313\Lib\site-packages\sqlalchemy\pool\base.py:900: in __connect
    with util.safe_reraise():
         ^^^^^^^^^^^^^^^^^^^
C:\Users\Huawei\AppData\Local\Programs\Python\Python313\Lib\site-packages\sqlalchemy\util\langhelpers.py:121: in __exit__
    raise exc_value.with_traceback(exc_tb)
C:\Users\Huawei\AppData\Local\Programs\Python\Python313\Lib\site-packages\sqlalchemy\pool\base.py:896: in __connect
    self.dbapi_connection = connection = pool._invoke_creator(self)
                                         ^^^^^^^^^^^^^^^^^^^^^^^^^^
C:\Users\Huawei\AppData\Local\Programs\Python\Python313\Lib\site-packages\sqlalchemy\engine\create.py:667: in connect
    return dialect.connect(*cargs_tup, **cparams)
           ^^^^^^^^^^^^^^^^^^^^^^^^^^^^^^^^^^^^^^
C:\Users\Huawei\AppData\Local\Programs\Python\Python313\Lib\site-packages\sqlalchemy\engine\default.py:630: in connect
    return self.loaded_dbapi.connect(*cargs, **cparams)  # type: ignore[no-any-return]  # NOQA: E501
           ^^^^^^^^^^^^^^^^^^^^^^^^^^^^^^^^^^^^^^^^^^^^
C:\Users\Huawei\AppData\Local\Programs\Python\Python313\Lib\site-packages\psycopg2\__init__.py:135: in connect
    conn = _connect(dsn, connection_factory=connection_factory, **kwasync)
           ^^^^^^^^^^^^^^^^^^^^^^^^^^^^^^^^^^^^^^^^^^^^^^^^^^^^^^^^^^^^^^^
E   sqlalchemy.exc.OperationalError: (psycopg2.OperationalError) could not translate host name "db" to address: Name or service not known
E   
E   (Background on this error at: https://sqlalche.me/e/20/e3q8)
_____________________ ERROR at setup of test_health_check _____________________
C:\Users\Huawei\AppData\Local\Programs\Python\Python313\Lib\site-packages\sqlalchemy\engine\base.py:143: in __init__
    self._dbapi_connection = engine.raw_connection()
                             ^^^^^^^^^^^^^^^^^^^^^^^
C:\Users\Huawei\AppData\Local\Programs\Python\Python313\Lib\site-packages\sqlalchemy\engine\base.py:3317: in raw_connection
    return self.pool.connect()
           ^^^^^^^^^^^^^^^^^^^
C:\Users\Huawei\AppData\Local\Programs\Python\Python313\Lib\site-packages\sqlalchemy\pool\base.py:448: in connect
    return _ConnectionFairy._checkout(self)
           ^^^^^^^^^^^^^^^^^^^^^^^^^^^^^^^^
C:\Users\Huawei\AppData\Local\Programs\Python\Python313\Lib\site-packages\sqlalchemy\pool\base.py:1272: in _checkout
    fairy = _ConnectionRecord.checkout(pool)
            ^^^^^^^^^^^^^^^^^^^^^^^^^^^^^^^^
C:\Users\Huawei\AppData\Local\Programs\Python\Python313\Lib\site-packages\sqlalchemy\pool\base.py:712: in checkout
    rec = pool._do_get()
          ^^^^^^^^^^^^^^
C:\Users\Huawei\AppData\Local\Programs\Python\Python313\Lib\site-packages\sqlalchemy\pool\impl.py:177: in _do_get
    with util.safe_reraise():
         ^^^^^^^^^^^^^^^^^^^
C:\Users\Huawei\AppData\Local\Programs\Python\Python313\Lib\site-packages\sqlalchemy\util\langhelpers.py:121: in __exit__
    raise exc_value.with_traceback(exc_tb)
C:\Users\Huawei\AppData\Local\Programs\Python\Python313\Lib\site-packages\sqlalchemy\pool\impl.py:175: in _do_get
    return self._create_connection()
           ^^^^^^^^^^^^^^^^^^^^^^^^^
C:\Users\Huawei\AppData\Local\Programs\Python\Python313\Lib\site-packages\sqlalchemy\pool\base.py:389: in _create_connection
    return _ConnectionRecord(self)
           ^^^^^^^^^^^^^^^^^^^^^^^
C:\Users\Huawei\AppData\Local\Programs\Python\Python313\Lib\site-packages\sqlalchemy\pool\base.py:674: in __init__
    self.__connect()
C:\Users\Huawei\AppData\Local\Programs\Python\Python313\Lib\site-packages\sqlalchemy\pool\base.py:900: in __connect
    with util.safe_reraise():
         ^^^^^^^^^^^^^^^^^^^
C:\Users\Huawei\AppData\Local\Programs\Python\Python313\Lib\site-packages\sqlalchemy\util\langhelpers.py:121: in __exit__
    raise exc_value.with_traceback(exc_tb)
C:\Users\Huawei\AppData\Local\Programs\Python\Python313\Lib\site-packages\sqlalchemy\pool\base.py:896: in __connect
    self.dbapi_connection = connection = pool._invoke_creator(self)
                                         ^^^^^^^^^^^^^^^^^^^^^^^^^^
C:\Users\Huawei\AppData\Local\Programs\Python\Python313\Lib\site-packages\sqlalchemy\engine\create.py:667: in connect
    return dialect.connect(*cargs_tup, **cparams)
           ^^^^^^^^^^^^^^^^^^^^^^^^^^^^^^^^^^^^^^
C:\Users\Huawei\AppData\Local\Programs\Python\Python313\Lib\site-packages\sqlalchemy\engine\default.py:630: in connect
    return self.loaded_dbapi.connect(*cargs, **cparams)  # type: ignore[no-any-return]  # NOQA: E501
           ^^^^^^^^^^^^^^^^^^^^^^^^^^^^^^^^^^^^^^^^^^^^
C:\Users\Huawei\AppData\Local\Programs\Python\Python313\Lib\site-packages\psycopg2\__init__.py:135: in connect
    conn = _connect(dsn, connection_factory=connection_factory, **kwasync)
           ^^^^^^^^^^^^^^^^^^^^^^^^^^^^^^^^^^^^^^^^^^^^^^^^^^^^^^^^^^^^^^^
E   psycopg2.OperationalError: could not translate host name "db" to address: Name or service not known

The above exception was the direct cause of the following exception:
tests\test_api.py:11: in client
    with TestClient(app) as test_client:
         ^^^^^^^^^^^^^^^
C:\Users\Huawei\AppData\Local\Programs\Python\Python313\Lib\site-packages\starlette\testclient.py:688: in __enter__
    portal.call(self.wait_startup)
C:\Users\Huawei\AppData\Local\Programs\Python\Python313\Lib\site-packages\anyio\from_thread.py:334: in call
    return cast(T_Retval, self.start_task_soon(func, *args).result())
                          ^^^^^^^^^^^^^^^^^^^^^^^^^^^^^^^^^^^^^^^^^^
C:\Users\Huawei\AppData\Local\Programs\Python\Python313\Lib\concurrent\futures\_base.py:456: in result
    return self.__get_result()
           ^^^^^^^^^^^^^^^^^^^
C:\Users\Huawei\AppData\Local\Programs\Python\Python313\Lib\concurrent\futures\_base.py:401: in __get_result
    raise self._exception
C:\Users\Huawei\AppData\Local\Programs\Python\Python313\Lib\site-packages\anyio\from_thread.py:259: in _call_func
    retval = await retval_or_awaitable
             ^^^^^^^^^^^^^^^^^^^^^^^^^
C:\Users\Huawei\AppData\Local\Programs\Python\Python313\Lib\site-packages\starlette\testclient.py:723: in wait_startup
    await receive()
C:\Users\Huawei\AppData\Local\Programs\Python\Python313\Lib\site-packages\starlette\testclient.py:714: in receive
    self.task.result()
C:\Users\Huawei\AppData\Local\Programs\Python\Python313\Lib\concurrent\futures\_base.py:449: in result
    return self.__get_result()
           ^^^^^^^^^^^^^^^^^^^
C:\Users\Huawei\AppData\Local\Programs\Python\Python313\Lib\concurrent\futures\_base.py:401: in __get_result
    raise self._exception
C:\Users\Huawei\AppData\Local\Programs\Python\Python313\Lib\site-packages\anyio\from_thread.py:259: in _call_func
    retval = await retval_or_awaitable
             ^^^^^^^^^^^^^^^^^^^^^^^^^
C:\Users\Huawei\AppData\Local\Programs\Python\Python313\Lib\site-packages\starlette\testclient.py:704: in lifespan
    await self.app(scope, self.stream_receive.receive, self.stream_send.send)
C:\Users\Huawei\AppData\Local\Programs\Python\Python313\Lib\site-packages\fastapi\applications.py:1160: in __call__
    await super().__call__(scope, receive, send)
C:\Users\Huawei\AppData\Local\Programs\Python\Python313\Lib\site-packages\starlette\applications.py:107: in __call__
    await self.middleware_stack(scope, receive, send)
C:\Users\Huawei\AppData\Local\Programs\Python\Python313\Lib\site-packages\starlette\middleware\errors.py:151: in __call__
    await self.app(scope, receive, send)
C:\Users\Huawei\AppData\Local\Programs\Python\Python313\Lib\site-packages\starlette\middleware\exceptions.py:49: in __call__
    await self.app(scope, receive, send)
C:\Users\Huawei\AppData\Local\Programs\Python\Python313\Lib\site-packages\fastapi\middleware\asyncexitstack.py:18: in __call__
    await self.app(scope, receive, send)
C:\Users\Huawei\AppData\Local\Programs\Python\Python313\Lib\site-packages\starlette\routing.py:716: in __call__
    await self.middleware_stack(scope, receive, send)
C:\Users\Huawei\AppData\Local\Programs\Python\Python313\Lib\site-packages\starlette\routing.py:725: in app
    await self.lifespan(scope, receive, send)
C:\Users\Huawei\AppData\Local\Programs\Python\Python313\Lib\site-packages\starlette\routing.py:694: in lifespan
    async with self.lifespan_context(app) as maybe_state:
               ^^^^^^^^^^^^^^^^^^^^^^^^^^
C:\Users\Huawei\AppData\Local\Programs\Python\Python313\Lib\site-packages\fastapi\routing.py:237: in __aenter__
    await self._router._startup()
C:\Users\Huawei\AppData\Local\Programs\Python\Python313\Lib\site-packages\fastapi\routing.py:4880: in _startup
    await handler()
app\main.py:25: in startup_event
    init_db()
app\database.py:38: in init_db
    Base.metadata.create_all(bind=engine)
C:\Users\Huawei\AppData\Local\Programs\Python\Python313\Lib\site-packages\sqlalchemy\sql\schema.py:5928: in create_all
    bind._run_ddl_visitor(
C:\Users\Huawei\AppData\Local\Programs\Python\Python313\Lib\site-packages\sqlalchemy\engine\base.py:3267: in _run_ddl_visitor
    with self.begin() as conn:
         ^^^^^^^^^^^^
C:\Users\Huawei\AppData\Local\Programs\Python\Python313\Lib\contextlib.py:141: in __enter__
    return next(self.gen)
           ^^^^^^^^^^^^^^
C:\Users\Huawei\AppData\Local\Programs\Python\Python313\Lib\site-packages\sqlalchemy\engine\base.py:3257: in begin
    with self.connect() as conn:
         ^^^^^^^^^^^^^^
C:\Users\Huawei\AppData\Local\Programs\Python\Python313\Lib\site-packages\sqlalchemy\engine\base.py:3293: in connect
    return self._connection_cls(self)
           ^^^^^^^^^^^^^^^^^^^^^^^^^^
C:\Users\Huawei\AppData\Local\Programs\Python\Python313\Lib\site-packages\sqlalchemy\engine\base.py:145: in __init__
    Connection._handle_dbapi_exception_noconnection(
C:\Users\Huawei\AppData\Local\Programs\Python\Python313\Lib\site-packages\sqlalchemy\engine\base.py:2448: in _handle_dbapi_exception_noconnection
    raise sqlalchemy_exception.with_traceback(exc_info[2]) from e
C:\Users\Huawei\AppData\Local\Programs\Python\Python313\Lib\site-packages\sqlalchemy\engine\base.py:143: in __init__
    self._dbapi_connection = engine.raw_connection()
                             ^^^^^^^^^^^^^^^^^^^^^^^
C:\Users\Huawei\AppData\Local\Programs\Python\Python313\Lib\site-packages\sqlalchemy\engine\base.py:3317: in raw_connection
    return self.pool.connect()
           ^^^^^^^^^^^^^^^^^^^
C:\Users\Huawei\AppData\Local\Programs\Python\Python313\Lib\site-packages\sqlalchemy\pool\base.py:448: in connect
    return _ConnectionFairy._checkout(self)
           ^^^^^^^^^^^^^^^^^^^^^^^^^^^^^^^^
C:\Users\Huawei\AppData\Local\Programs\Python\Python313\Lib\site-packages\sqlalchemy\pool\base.py:1272: in _checkout
    fairy = _ConnectionRecord.checkout(pool)
            ^^^^^^^^^^^^^^^^^^^^^^^^^^^^^^^^
C:\Users\Huawei\AppData\Local\Programs\Python\Python313\Lib\site-packages\sqlalchemy\pool\base.py:712: in checkout
    rec = pool._do_get()
          ^^^^^^^^^^^^^^
C:\Users\Huawei\AppData\Local\Programs\Python\Python313\Lib\site-packages\sqlalchemy\pool\impl.py:177: in _do_get
    with util.safe_reraise():
         ^^^^^^^^^^^^^^^^^^^
C:\Users\Huawei\AppData\Local\Programs\Python\Python313\Lib\site-packages\sqlalchemy\util\langhelpers.py:121: in __exit__
    raise exc_value.with_traceback(exc_tb)
C:\Users\Huawei\AppData\Local\Programs\Python\Python313\Lib\site-packages\sqlalchemy\pool\impl.py:175: in _do_get
    return self._create_connection()
           ^^^^^^^^^^^^^^^^^^^^^^^^^
C:\Users\Huawei\AppData\Local\Programs\Python\Python313\Lib\site-packages\sqlalchemy\pool\base.py:389: in _create_connection
    return _ConnectionRecord(self)
           ^^^^^^^^^^^^^^^^^^^^^^^
C:\Users\Huawei\AppData\Local\Programs\Python\Python313\Lib\site-packages\sqlalchemy\pool\base.py:674: in __init__
    self.__connect()
C:\Users\Huawei\AppData\Local\Programs\Python\Python313\Lib\site-packages\sqlalchemy\pool\base.py:900: in __connect
    with util.safe_reraise():
         ^^^^^^^^^^^^^^^^^^^
C:\Users\Huawei\AppData\Local\Programs\Python\Python313\Lib\site-packages\sqlalchemy\util\langhelpers.py:121: in __exit__
    raise exc_value.with_traceback(exc_tb)
C:\Users\Huawei\AppData\Local\Programs\Python\Python313\Lib\site-packages\sqlalchemy\pool\base.py:896: in __connect
    self.dbapi_connection = connection = pool._invoke_creator(self)
                                         ^^^^^^^^^^^^^^^^^^^^^^^^^^
C:\Users\Huawei\AppData\Local\Programs\Python\Python313\Lib\site-packages\sqlalchemy\engine\create.py:667: in connect
    return dialect.connect(*cargs_tup, **cparams)
           ^^^^^^^^^^^^^^^^^^^^^^^^^^^^^^^^^^^^^^
C:\Users\Huawei\AppData\Local\Programs\Python\Python313\Lib\site-packages\sqlalchemy\engine\default.py:630: in connect
    return self.loaded_dbapi.connect(*cargs, **cparams)  # type: ignore[no-any-return]  # NOQA: E501
           ^^^^^^^^^^^^^^^^^^^^^^^^^^^^^^^^^^^^^^^^^^^^
C:\Users\Huawei\AppData\Local\Programs\Python\Python313\Lib\site-packages\psycopg2\__init__.py:135: in connect
    conn = _connect(dsn, connection_factory=connection_factory, **kwasync)
           ^^^^^^^^^^^^^^^^^^^^^^^^^^^^^^^^^^^^^^^^^^^^^^^^^^^^^^^^^^^^^^^
E   sqlalchemy.exc.OperationalError: (psycopg2.OperationalError) could not translate host name "db" to address: Name or service not known
E   
E   (Background on this error at: https://sqlalche.me/e/20/e3q8)
____________________ ERROR at setup of test_predict_valid _____________________
C:\Users\Huawei\AppData\Local\Programs\Python\Python313\Lib\site-packages\sqlalchemy\engine\base.py:143: in __init__
    self._dbapi_connection = engine.raw_connection()
                             ^^^^^^^^^^^^^^^^^^^^^^^
C:\Users\Huawei\AppData\Local\Programs\Python\Python313\Lib\site-packages\sqlalchemy\engine\base.py:3317: in raw_connection
    return self.pool.connect()
           ^^^^^^^^^^^^^^^^^^^
C:\Users\Huawei\AppData\Local\Programs\Python\Python313\Lib\site-packages\sqlalchemy\pool\base.py:448: in connect
    return _ConnectionFairy._checkout(self)
           ^^^^^^^^^^^^^^^^^^^^^^^^^^^^^^^^
C:\Users\Huawei\AppData\Local\Programs\Python\Python313\Lib\site-packages\sqlalchemy\pool\base.py:1272: in _checkout
    fairy = _ConnectionRecord.checkout(pool)
            ^^^^^^^^^^^^^^^^^^^^^^^^^^^^^^^^
C:\Users\Huawei\AppData\Local\Programs\Python\Python313\Lib\site-packages\sqlalchemy\pool\base.py:712: in checkout
    rec = pool._do_get()
          ^^^^^^^^^^^^^^
C:\Users\Huawei\AppData\Local\Programs\Python\Python313\Lib\site-packages\sqlalchemy\pool\impl.py:177: in _do_get
    with util.safe_reraise():
         ^^^^^^^^^^^^^^^^^^^
C:\Users\Huawei\AppData\Local\Programs\Python\Python313\Lib\site-packages\sqlalchemy\util\langhelpers.py:121: in __exit__
    raise exc_value.with_traceback(exc_tb)
C:\Users\Huawei\AppData\Local\Programs\Python\Python313\Lib\site-packages\sqlalchemy\pool\impl.py:175: in _do_get
    return self._create_connection()
           ^^^^^^^^^^^^^^^^^^^^^^^^^
C:\Users\Huawei\AppData\Local\Programs\Python\Python313\Lib\site-packages\sqlalchemy\pool\base.py:389: in _create_connection
    return _ConnectionRecord(self)
           ^^^^^^^^^^^^^^^^^^^^^^^
C:\Users\Huawei\AppData\Local\Programs\Python\Python313\Lib\site-packages\sqlalchemy\pool\base.py:674: in __init__
    self.__connect()
C:\Users\Huawei\AppData\Local\Programs\Python\Python313\Lib\site-packages\sqlalchemy\pool\base.py:900: in __connect
    with util.safe_reraise():
         ^^^^^^^^^^^^^^^^^^^
C:\Users\Huawei\AppData\Local\Programs\Python\Python313\Lib\site-packages\sqlalchemy\util\langhelpers.py:121: in __exit__
    raise exc_value.with_traceback(exc_tb)
C:\Users\Huawei\AppData\Local\Programs\Python\Python313\Lib\site-packages\sqlalchemy\pool\base.py:896: in __connect
    self.dbapi_connection = connection = pool._invoke_creator(self)
                                         ^^^^^^^^^^^^^^^^^^^^^^^^^^
C:\Users\Huawei\AppData\Local\Programs\Python\Python313\Lib\site-packages\sqlalchemy\engine\create.py:667: in connect
    return dialect.connect(*cargs_tup, **cparams)
           ^^^^^^^^^^^^^^^^^^^^^^^^^^^^^^^^^^^^^^
C:\Users\Huawei\AppData\Local\Programs\Python\Python313\Lib\site-packages\sqlalchemy\engine\default.py:630: in connect
    return self.loaded_dbapi.connect(*cargs, **cparams)  # type: ignore[no-any-return]  # NOQA: E501
           ^^^^^^^^^^^^^^^^^^^^^^^^^^^^^^^^^^^^^^^^^^^^
C:\Users\Huawei\AppData\Local\Programs\Python\Python313\Lib\site-packages\psycopg2\__init__.py:135: in connect
    conn = _connect(dsn, connection_factory=connection_factory, **kwasync)
           ^^^^^^^^^^^^^^^^^^^^^^^^^^^^^^^^^^^^^^^^^^^^^^^^^^^^^^^^^^^^^^^
E   psycopg2.OperationalError: could not translate host name "db" to address: Name or service not known

The above exception was the direct cause of the following exception:
tests\test_api.py:11: in client
    with TestClient(app) as test_client:
         ^^^^^^^^^^^^^^^
C:\Users\Huawei\AppData\Local\Programs\Python\Python313\Lib\site-packages\starlette\testclient.py:688: in __enter__
    portal.call(self.wait_startup)
C:\Users\Huawei\AppData\Local\Programs\Python\Python313\Lib\site-packages\anyio\from_thread.py:334: in call
    return cast(T_Retval, self.start_task_soon(func, *args).result())
                          ^^^^^^^^^^^^^^^^^^^^^^^^^^^^^^^^^^^^^^^^^^
C:\Users\Huawei\AppData\Local\Programs\Python\Python313\Lib\concurrent\futures\_base.py:456: in result
    return self.__get_result()
           ^^^^^^^^^^^^^^^^^^^
C:\Users\Huawei\AppData\Local\Programs\Python\Python313\Lib\concurrent\futures\_base.py:401: in __get_result
    raise self._exception
C:\Users\Huawei\AppData\Local\Programs\Python\Python313\Lib\site-packages\anyio\from_thread.py:259: in _call_func
    retval = await retval_or_awaitable
             ^^^^^^^^^^^^^^^^^^^^^^^^^
C:\Users\Huawei\AppData\Local\Programs\Python\Python313\Lib\site-packages\starlette\testclient.py:723: in wait_startup
    await receive()
C:\Users\Huawei\AppData\Local\Programs\Python\Python313\Lib\site-packages\starlette\testclient.py:714: in receive
    self.task.result()
C:\Users\Huawei\AppData\Local\Programs\Python\Python313\Lib\concurrent\futures\_base.py:449: in result
    return self.__get_result()
           ^^^^^^^^^^^^^^^^^^^
C:\Users\Huawei\AppData\Local\Programs\Python\Python313\Lib\concurrent\futures\_base.py:401: in __get_result
    raise self._exception
C:\Users\Huawei\AppData\Local\Programs\Python\Python313\Lib\site-packages\anyio\from_thread.py:259: in _call_func
    retval = await retval_or_awaitable
             ^^^^^^^^^^^^^^^^^^^^^^^^^
C:\Users\Huawei\AppData\Local\Programs\Python\Python313\Lib\site-packages\starlette\testclient.py:704: in lifespan
    await self.app(scope, self.stream_receive.receive, self.stream_send.send)
C:\Users\Huawei\AppData\Local\Programs\Python\Python313\Lib\site-packages\fastapi\applications.py:1160: in __call__
    await super().__call__(scope, receive, send)
C:\Users\Huawei\AppData\Local\Programs\Python\Python313\Lib\site-packages\starlette\applications.py:107: in __call__
    await self.middleware_stack(scope, receive, send)
C:\Users\Huawei\AppData\Local\Programs\Python\Python313\Lib\site-packages\starlette\middleware\errors.py:151: in __call__
    await self.app(scope, receive, send)
C:\Users\Huawei\AppData\Local\Programs\Python\Python313\Lib\site-packages\starlette\middleware\exceptions.py:49: in __call__
    await self.app(scope, receive, send)
C:\Users\Huawei\AppData\Local\Programs\Python\Python313\Lib\site-packages\fastapi\middleware\asyncexitstack.py:18: in __call__
    await self.app(scope, receive, send)
C:\Users\Huawei\AppData\Local\Programs\Python\Python313\Lib\site-packages\starlette\routing.py:716: in __call__
    await self.middleware_stack(scope, receive, send)
C:\Users\Huawei\AppData\Local\Programs\Python\Python313\Lib\site-packages\starlette\routing.py:725: in app
    await self.lifespan(scope, receive, send)
C:\Users\Huawei\AppData\Local\Programs\Python\Python313\Lib\site-packages\starlette\routing.py:694: in lifespan
    async with self.lifespan_context(app) as maybe_state:
               ^^^^^^^^^^^^^^^^^^^^^^^^^^
C:\Users\Huawei\AppData\Local\Programs\Python\Python313\Lib\site-packages\fastapi\routing.py:237: in __aenter__
    await self._router._startup()
C:\Users\Huawei\AppData\Local\Programs\Python\Python313\Lib\site-packages\fastapi\routing.py:4880: in _startup
    await handler()
app\main.py:25: in startup_event
    init_db()
app\database.py:38: in init_db
    Base.metadata.create_all(bind=engine)
C:\Users\Huawei\AppData\Local\Programs\Python\Python313\Lib\site-packages\sqlalchemy\sql\schema.py:5928: in create_all
    bind._run_ddl_visitor(
C:\Users\Huawei\AppData\Local\Programs\Python\Python313\Lib\site-packages\sqlalchemy\engine\base.py:3267: in _run_ddl_visitor
    with self.begin() as conn:
         ^^^^^^^^^^^^
C:\Users\Huawei\AppData\Local\Programs\Python\Python313\Lib\contextlib.py:141: in __enter__
    return next(self.gen)
           ^^^^^^^^^^^^^^
C:\Users\Huawei\AppData\Local\Programs\Python\Python313\Lib\site-packages\sqlalchemy\engine\base.py:3257: in begin
    with self.connect() as conn:
         ^^^^^^^^^^^^^^
C:\Users\Huawei\AppData\Local\Programs\Python\Python313\Lib\site-packages\sqlalchemy\engine\base.py:3293: in connect
    return self._connection_cls(self)
           ^^^^^^^^^^^^^^^^^^^^^^^^^^
C:\Users\Huawei\AppData\Local\Programs\Python\Python313\Lib\site-packages\sqlalchemy\engine\base.py:145: in __init__
    Connection._handle_dbapi_exception_noconnection(
C:\Users\Huawei\AppData\Local\Programs\Python\Python313\Lib\site-packages\sqlalchemy\engine\base.py:2448: in _handle_dbapi_exception_noconnection
    raise sqlalchemy_exception.with_traceback(exc_info[2]) from e
C:\Users\Huawei\AppData\Local\Programs\Python\Python313\Lib\site-packages\sqlalchemy\engine\base.py:143: in __init__
    self._dbapi_connection = engine.raw_connection()
                             ^^^^^^^^^^^^^^^^^^^^^^^
C:\Users\Huawei\AppData\Local\Programs\Python\Python313\Lib\site-packages\sqlalchemy\engine\base.py:3317: in raw_connection
    return self.pool.connect()
           ^^^^^^^^^^^^^^^^^^^
C:\Users\Huawei\AppData\Local\Programs\Python\Python313\Lib\site-packages\sqlalchemy\pool\base.py:448: in connect
    return _ConnectionFairy._checkout(self)
           ^^^^^^^^^^^^^^^^^^^^^^^^^^^^^^^^
C:\Users\Huawei\AppData\Local\Programs\Python\Python313\Lib\site-packages\sqlalchemy\pool\base.py:1272: in _checkout
    fairy = _ConnectionRecord.checkout(pool)
            ^^^^^^^^^^^^^^^^^^^^^^^^^^^^^^^^
C:\Users\Huawei\AppData\Local\Programs\Python\Python313\Lib\site-packages\sqlalchemy\pool\base.py:712: in checkout
    rec = pool._do_get()
          ^^^^^^^^^^^^^^
C:\Users\Huawei\AppData\Local\Programs\Python\Python313\Lib\site-packages\sqlalchemy\pool\impl.py:177: in _do_get
    with util.safe_reraise():
         ^^^^^^^^^^^^^^^^^^^
C:\Users\Huawei\AppData\Local\Programs\Python\Python313\Lib\site-packages\sqlalchemy\util\langhelpers.py:121: in __exit__
    raise exc_value.with_traceback(exc_tb)
C:\Users\Huawei\AppData\Local\Programs\Python\Python313\Lib\site-packages\sqlalchemy\pool\impl.py:175: in _do_get
    return self._create_connection()
           ^^^^^^^^^^^^^^^^^^^^^^^^^
C:\Users\Huawei\AppData\Local\Programs\Python\Python313\Lib\site-packages\sqlalchemy\pool\base.py:389: in _create_connection
    return _ConnectionRecord(self)
           ^^^^^^^^^^^^^^^^^^^^^^^
C:\Users\Huawei\AppData\Local\Programs\Python\Python313\Lib\site-packages\sqlalchemy\pool\base.py:674: in __init__
    self.__connect()
C:\Users\Huawei\AppData\Local\Programs\Python\Python313\Lib\site-packages\sqlalchemy\pool\base.py:900: in __connect
    with util.safe_reraise():
         ^^^^^^^^^^^^^^^^^^^
C:\Users\Huawei\AppData\Local\Programs\Python\Python313\Lib\site-packages\sqlalchemy\util\langhelpers.py:121: in __exit__
    raise exc_value.with_traceback(exc_tb)
C:\Users\Huawei\AppData\Local\Programs\Python\Python313\Lib\site-packages\sqlalchemy\pool\base.py:896: in __connect
    self.dbapi_connection = connection = pool._invoke_creator(self)
                                         ^^^^^^^^^^^^^^^^^^^^^^^^^^
C:\Users\Huawei\AppData\Local\Programs\Python\Python313\Lib\site-packages\sqlalchemy\engine\create.py:667: in connect
    return dialect.connect(*cargs_tup, **cparams)
           ^^^^^^^^^^^^^^^^^^^^^^^^^^^^^^^^^^^^^^
C:\Users\Huawei\AppData\Local\Programs\Python\Python313\Lib\site-packages\sqlalchemy\engine\default.py:630: in connect
    return self.loaded_dbapi.connect(*cargs, **cparams)  # type: ignore[no-any-return]  # NOQA: E501
           ^^^^^^^^^^^^^^^^^^^^^^^^^^^^^^^^^^^^^^^^^^^^
C:\Users\Huawei\AppData\Local\Programs\Python\Python313\Lib\site-packages\psycopg2\__init__.py:135: in connect
    conn = _connect(dsn, connection_factory=connection_factory, **kwasync)
           ^^^^^^^^^^^^^^^^^^^^^^^^^^^^^^^^^^^^^^^^^^^^^^^^^^^^^^^^^^^^^^^
E   sqlalchemy.exc.OperationalError: (psycopg2.OperationalError) could not translate host name "db" to address: Name or service not known
E   
E   (Background on this error at: https://sqlalche.me/e/20/e3q8)
_________________ ERROR at setup of test_predict_invalid_data _________________
C:\Users\Huawei\AppData\Local\Programs\Python\Python313\Lib\site-packages\sqlalchemy\engine\base.py:143: in __init__
    self._dbapi_connection = engine.raw_connection()
                             ^^^^^^^^^^^^^^^^^^^^^^^
C:\Users\Huawei\AppData\Local\Programs\Python\Python313\Lib\site-packages\sqlalchemy\engine\base.py:3317: in raw_connection
    return self.pool.connect()
           ^^^^^^^^^^^^^^^^^^^
C:\Users\Huawei\AppData\Local\Programs\Python\Python313\Lib\site-packages\sqlalchemy\pool\base.py:448: in connect
    return _ConnectionFairy._checkout(self)
           ^^^^^^^^^^^^^^^^^^^^^^^^^^^^^^^^
C:\Users\Huawei\AppData\Local\Programs\Python\Python313\Lib\site-packages\sqlalchemy\pool\base.py:1272: in _checkout
    fairy = _ConnectionRecord.checkout(pool)
            ^^^^^^^^^^^^^^^^^^^^^^^^^^^^^^^^
C:\Users\Huawei\AppData\Local\Programs\Python\Python313\Lib\site-packages\sqlalchemy\pool\base.py:712: in checkout
    rec = pool._do_get()
          ^^^^^^^^^^^^^^
C:\Users\Huawei\AppData\Local\Programs\Python\Python313\Lib\site-packages\sqlalchemy\pool\impl.py:177: in _do_get
    with util.safe_reraise():
         ^^^^^^^^^^^^^^^^^^^
C:\Users\Huawei\AppData\Local\Programs\Python\Python313\Lib\site-packages\sqlalchemy\util\langhelpers.py:121: in __exit__
    raise exc_value.with_traceback(exc_tb)
C:\Users\Huawei\AppData\Local\Programs\Python\Python313\Lib\site-packages\sqlalchemy\pool\impl.py:175: in _do_get
    return self._create_connection()
           ^^^^^^^^^^^^^^^^^^^^^^^^^
C:\Users\Huawei\AppData\Local\Programs\Python\Python313\Lib\site-packages\sqlalchemy\pool\base.py:389: in _create_connection
    return _ConnectionRecord(self)
           ^^^^^^^^^^^^^^^^^^^^^^^
C:\Users\Huawei\AppData\Local\Programs\Python\Python313\Lib\site-packages\sqlalchemy\pool\base.py:674: in __init__
    self.__connect()
C:\Users\Huawei\AppData\Local\Programs\Python\Python313\Lib\site-packages\sqlalchemy\pool\base.py:900: in __connect
    with util.safe_reraise():
         ^^^^^^^^^^^^^^^^^^^
C:\Users\Huawei\AppData\Local\Programs\Python\Python313\Lib\site-packages\sqlalchemy\util\langhelpers.py:121: in __exit__
    raise exc_value.with_traceback(exc_tb)
C:\Users\Huawei\AppData\Local\Programs\Python\Python313\Lib\site-packages\sqlalchemy\pool\base.py:896: in __connect
    self.dbapi_connection = connection = pool._invoke_creator(self)
                                         ^^^^^^^^^^^^^^^^^^^^^^^^^^
C:\Users\Huawei\AppData\Local\Programs\Python\Python313\Lib\site-packages\sqlalchemy\engine\create.py:667: in connect
    return dialect.connect(*cargs_tup, **cparams)
           ^^^^^^^^^^^^^^^^^^^^^^^^^^^^^^^^^^^^^^
C:\Users\Huawei\AppData\Local\Programs\Python\Python313\Lib\site-packages\sqlalchemy\engine\default.py:630: in connect
    return self.loaded_dbapi.connect(*cargs, **cparams)  # type: ignore[no-any-return]  # NOQA: E501
           ^^^^^^^^^^^^^^^^^^^^^^^^^^^^^^^^^^^^^^^^^^^^
C:\Users\Huawei\AppData\Local\Programs\Python\Python313\Lib\site-packages\psycopg2\__init__.py:135: in connect
    conn = _connect(dsn, connection_factory=connection_factory, **kwasync)
           ^^^^^^^^^^^^^^^^^^^^^^^^^^^^^^^^^^^^^^^^^^^^^^^^^^^^^^^^^^^^^^^
E   psycopg2.OperationalError: could not translate host name "db" to address: Name or service not known

The above exception was the direct cause of the following exception:
tests\test_api.py:11: in client
    with TestClient(app) as test_client:
         ^^^^^^^^^^^^^^^
C:\Users\Huawei\AppData\Local\Programs\Python\Python313\Lib\site-packages\starlette\testclient.py:688: in __enter__
    portal.call(self.wait_startup)
C:\Users\Huawei\AppData\Local\Programs\Python\Python313\Lib\site-packages\anyio\from_thread.py:334: in call
    return cast(T_Retval, self.start_task_soon(func, *args).result())
                          ^^^^^^^^^^^^^^^^^^^^^^^^^^^^^^^^^^^^^^^^^^
C:\Users\Huawei\AppData\Local\Programs\Python\Python313\Lib\concurrent\futures\_base.py:456: in result
    return self.__get_result()
           ^^^^^^^^^^^^^^^^^^^
C:\Users\Huawei\AppData\Local\Programs\Python\Python313\Lib\concurrent\futures\_base.py:401: in __get_result
    raise self._exception
C:\Users\Huawei\AppData\Local\Programs\Python\Python313\Lib\site-packages\anyio\from_thread.py:259: in _call_func
    retval = await retval_or_awaitable
             ^^^^^^^^^^^^^^^^^^^^^^^^^
C:\Users\Huawei\AppData\Local\Programs\Python\Python313\Lib\site-packages\starlette\testclient.py:723: in wait_startup
    await receive()
C:\Users\Huawei\AppData\Local\Programs\Python\Python313\Lib\site-packages\starlette\testclient.py:714: in receive
    self.task.result()
C:\Users\Huawei\AppData\Local\Programs\Python\Python313\Lib\concurrent\futures\_base.py:449: in result
    return self.__get_result()
           ^^^^^^^^^^^^^^^^^^^
C:\Users\Huawei\AppData\Local\Programs\Python\Python313\Lib\concurrent\futures\_base.py:401: in __get_result
    raise self._exception
C:\Users\Huawei\AppData\Local\Programs\Python\Python313\Lib\site-packages\anyio\from_thread.py:259: in _call_func
    retval = await retval_or_awaitable
             ^^^^^^^^^^^^^^^^^^^^^^^^^
C:\Users\Huawei\AppData\Local\Programs\Python\Python313\Lib\site-packages\starlette\testclient.py:704: in lifespan
    await self.app(scope, self.stream_receive.receive, self.stream_send.send)
C:\Users\Huawei\AppData\Local\Programs\Python\Python313\Lib\site-packages\fastapi\applications.py:1160: in __call__
    await super().__call__(scope, receive, send)
C:\Users\Huawei\AppData\Local\Programs\Python\Python313\Lib\site-packages\starlette\applications.py:107: in __call__
    await self.middleware_stack(scope, receive, send)
C:\Users\Huawei\AppData\Local\Programs\Python\Python313\Lib\site-packages\starlette\middleware\errors.py:151: in __call__
    await self.app(scope, receive, send)
C:\Users\Huawei\AppData\Local\Programs\Python\Python313\Lib\site-packages\starlette\middleware\exceptions.py:49: in __call__
    await self.app(scope, receive, send)
C:\Users\Huawei\AppData\Local\Programs\Python\Python313\Lib\site-packages\fastapi\middleware\asyncexitstack.py:18: in __call__
    await self.app(scope, receive, send)
C:\Users\Huawei\AppData\Local\Programs\Python\Python313\Lib\site-packages\starlette\routing.py:716: in __call__
    await self.middleware_stack(scope, receive, send)
C:\Users\Huawei\AppData\Local\Programs\Python\Python313\Lib\site-packages\starlette\routing.py:725: in app
    await self.lifespan(scope, receive, send)
C:\Users\Huawei\AppData\Local\Programs\Python\Python313\Lib\site-packages\starlette\routing.py:694: in lifespan
    async with self.lifespan_context(app) as maybe_state:
               ^^^^^^^^^^^^^^^^^^^^^^^^^^
C:\Users\Huawei\AppData\Local\Programs\Python\Python313\Lib\site-packages\fastapi\routing.py:237: in __aenter__
    await self._router._startup()
C:\Users\Huawei\AppData\Local\Programs\Python\Python313\Lib\site-packages\fastapi\routing.py:4880: in _startup
    await handler()
app\main.py:25: in startup_event
    init_db()
app\database.py:38: in init_db
    Base.metadata.create_all(bind=engine)
C:\Users\Huawei\AppData\Local\Programs\Python\Python313\Lib\site-packages\sqlalchemy\sql\schema.py:5928: in create_all
    bind._run_ddl_visitor(
C:\Users\Huawei\AppData\Local\Programs\Python\Python313\Lib\site-packages\sqlalchemy\engine\base.py:3267: in _run_ddl_visitor
    with self.begin() as conn:
         ^^^^^^^^^^^^
C:\Users\Huawei\AppData\Local\Programs\Python\Python313\Lib\contextlib.py:141: in __enter__
    return next(self.gen)
           ^^^^^^^^^^^^^^
C:\Users\Huawei\AppData\Local\Programs\Python\Python313\Lib\site-packages\sqlalchemy\engine\base.py:3257: in begin
    with self.connect() as conn:
         ^^^^^^^^^^^^^^
C:\Users\Huawei\AppData\Local\Programs\Python\Python313\Lib\site-packages\sqlalchemy\engine\base.py:3293: in connect
    return self._connection_cls(self)
           ^^^^^^^^^^^^^^^^^^^^^^^^^^
C:\Users\Huawei\AppData\Local\Programs\Python\Python313\Lib\site-packages\sqlalchemy\engine\base.py:145: in __init__
    Connection._handle_dbapi_exception_noconnection(
C:\Users\Huawei\AppData\Local\Programs\Python\Python313\Lib\site-packages\sqlalchemy\engine\base.py:2448: in _handle_dbapi_exception_noconnection
    raise sqlalchemy_exception.with_traceback(exc_info[2]) from e
C:\Users\Huawei\AppData\Local\Programs\Python\Python313\Lib\site-packages\sqlalchemy\engine\base.py:143: in __init__
    self._dbapi_connection = engine.raw_connection()
                             ^^^^^^^^^^^^^^^^^^^^^^^
C:\Users\Huawei\AppData\Local\Programs\Python\Python313\Lib\site-packages\sqlalchemy\engine\base.py:3317: in raw_connection
    return self.pool.connect()
           ^^^^^^^^^^^^^^^^^^^
C:\Users\Huawei\AppData\Local\Programs\Python\Python313\Lib\site-packages\sqlalchemy\pool\base.py:448: in connect
    return _ConnectionFairy._checkout(self)
           ^^^^^^^^^^^^^^^^^^^^^^^^^^^^^^^^
C:\Users\Huawei\AppData\Local\Programs\Python\Python313\Lib\site-packages\sqlalchemy\pool\base.py:1272: in _checkout
    fairy = _ConnectionRecord.checkout(pool)
            ^^^^^^^^^^^^^^^^^^^^^^^^^^^^^^^^
C:\Users\Huawei\AppData\Local\Programs\Python\Python313\Lib\site-packages\sqlalchemy\pool\base.py:712: in checkout
    rec = pool._do_get()
          ^^^^^^^^^^^^^^
C:\Users\Huawei\AppData\Local\Programs\Python\Python313\Lib\site-packages\sqlalchemy\pool\impl.py:177: in _do_get
    with util.safe_reraise():
         ^^^^^^^^^^^^^^^^^^^
C:\Users\Huawei\AppData\Local\Programs\Python\Python313\Lib\site-packages\sqlalchemy\util\langhelpers.py:121: in __exit__
    raise exc_value.with_traceback(exc_tb)
C:\Users\Huawei\AppData\Local\Programs\Python\Python313\Lib\site-packages\sqlalchemy\pool\impl.py:175: in _do_get
    return self._create_connection()
           ^^^^^^^^^^^^^^^^^^^^^^^^^
C:\Users\Huawei\AppData\Local\Programs\Python\Python313\Lib\site-packages\sqlalchemy\pool\base.py:389: in _create_connection
    return _ConnectionRecord(self)
           ^^^^^^^^^^^^^^^^^^^^^^^
C:\Users\Huawei\AppData\Local\Programs\Python\Python313\Lib\site-packages\sqlalchemy\pool\base.py:674: in __init__
    self.__connect()
C:\Users\Huawei\AppData\Local\Programs\Python\Python313\Lib\site-packages\sqlalchemy\pool\base.py:900: in __connect
    with util.safe_reraise():
         ^^^^^^^^^^^^^^^^^^^
C:\Users\Huawei\AppData\Local\Programs\Python\Python313\Lib\site-packages\sqlalchemy\util\langhelpers.py:121: in __exit__
    raise exc_value.with_traceback(exc_tb)
C:\Users\Huawei\AppData\Local\Programs\Python\Python313\Lib\site-packages\sqlalchemy\pool\base.py:896: in __connect
    self.dbapi_connection = connection = pool._invoke_creator(self)
                                         ^^^^^^^^^^^^^^^^^^^^^^^^^^
C:\Users\Huawei\AppData\Local\Programs\Python\Python313\Lib\site-packages\sqlalchemy\engine\create.py:667: in connect
    return dialect.connect(*cargs_tup, **cparams)
           ^^^^^^^^^^^^^^^^^^^^^^^^^^^^^^^^^^^^^^
C:\Users\Huawei\AppData\Local\Programs\Python\Python313\Lib\site-packages\sqlalchemy\engine\default.py:630: in connect
    return self.loaded_dbapi.connect(*cargs, **cparams)  # type: ignore[no-any-return]  # NOQA: E501
           ^^^^^^^^^^^^^^^^^^^^^^^^^^^^^^^^^^^^^^^^^^^^
C:\Users\Huawei\AppData\Local\Programs\Python\Python313\Lib\site-packages\psycopg2\__init__.py:135: in connect
    conn = _connect(dsn, connection_factory=connection_factory, **kwasync)
           ^^^^^^^^^^^^^^^^^^^^^^^^^^^^^^^^^^^^^^^^^^^^^^^^^^^^^^^^^^^^^^^
E   sqlalchemy.exc.OperationalError: (psycopg2.OperationalError) could not translate host name "db" to address: Name or service not known
E   
E   (Background on this error at: https://sqlalche.me/e/20/e3q8)
_____________ ERROR at setup of test_predict_different_customers ______________
C:\Users\Huawei\AppData\Local\Programs\Python\Python313\Lib\site-packages\sqlalchemy\engine\base.py:143: in __init__
    self._dbapi_connection = engine.raw_connection()
                             ^^^^^^^^^^^^^^^^^^^^^^^
C:\Users\Huawei\AppData\Local\Programs\Python\Python313\Lib\site-packages\sqlalchemy\engine\base.py:3317: in raw_connection
    return self.pool.connect()
           ^^^^^^^^^^^^^^^^^^^
C:\Users\Huawei\AppData\Local\Programs\Python\Python313\Lib\site-packages\sqlalchemy\pool\base.py:448: in connect
    return _ConnectionFairy._checkout(self)
           ^^^^^^^^^^^^^^^^^^^^^^^^^^^^^^^^
C:\Users\Huawei\AppData\Local\Programs\Python\Python313\Lib\site-packages\sqlalchemy\pool\base.py:1272: in _checkout
    fairy = _ConnectionRecord.checkout(pool)
            ^^^^^^^^^^^^^^^^^^^^^^^^^^^^^^^^
C:\Users\Huawei\AppData\Local\Programs\Python\Python313\Lib\site-packages\sqlalchemy\pool\base.py:712: in checkout
    rec = pool._do_get()
          ^^^^^^^^^^^^^^
C:\Users\Huawei\AppData\Local\Programs\Python\Python313\Lib\site-packages\sqlalchemy\pool\impl.py:177: in _do_get
    with util.safe_reraise():
         ^^^^^^^^^^^^^^^^^^^
C:\Users\Huawei\AppData\Local\Programs\Python\Python313\Lib\site-packages\sqlalchemy\util\langhelpers.py:121: in __exit__
    raise exc_value.with_traceback(exc_tb)
C:\Users\Huawei\AppData\Local\Programs\Python\Python313\Lib\site-packages\sqlalchemy\pool\impl.py:175: in _do_get
    return self._create_connection()
           ^^^^^^^^^^^^^^^^^^^^^^^^^
C:\Users\Huawei\AppData\Local\Programs\Python\Python313\Lib\site-packages\sqlalchemy\pool\base.py:389: in _create_connection
    return _ConnectionRecord(self)
           ^^^^^^^^^^^^^^^^^^^^^^^
C:\Users\Huawei\AppData\Local\Programs\Python\Python313\Lib\site-packages\sqlalchemy\pool\base.py:674: in __init__
    self.__connect()
C:\Users\Huawei\AppData\Local\Programs\Python\Python313\Lib\site-packages\sqlalchemy\pool\base.py:900: in __connect
    with util.safe_reraise():
         ^^^^^^^^^^^^^^^^^^^
C:\Users\Huawei\AppData\Local\Programs\Python\Python313\Lib\site-packages\sqlalchemy\util\langhelpers.py:121: in __exit__
    raise exc_value.with_traceback(exc_tb)
C:\Users\Huawei\AppData\Local\Programs\Python\Python313\Lib\site-packages\sqlalchemy\pool\base.py:896: in __connect
    self.dbapi_connection = connection = pool._invoke_creator(self)
                                         ^^^^^^^^^^^^^^^^^^^^^^^^^^
C:\Users\Huawei\AppData\Local\Programs\Python\Python313\Lib\site-packages\sqlalchemy\engine\create.py:667: in connect
    return dialect.connect(*cargs_tup, **cparams)
           ^^^^^^^^^^^^^^^^^^^^^^^^^^^^^^^^^^^^^^
C:\Users\Huawei\AppData\Local\Programs\Python\Python313\Lib\site-packages\sqlalchemy\engine\default.py:630: in connect
    return self.loaded_dbapi.connect(*cargs, **cparams)  # type: ignore[no-any-return]  # NOQA: E501
           ^^^^^^^^^^^^^^^^^^^^^^^^^^^^^^^^^^^^^^^^^^^^
C:\Users\Huawei\AppData\Local\Programs\Python\Python313\Lib\site-packages\psycopg2\__init__.py:135: in connect
    conn = _connect(dsn, connection_factory=connection_factory, **kwasync)
           ^^^^^^^^^^^^^^^^^^^^^^^^^^^^^^^^^^^^^^^^^^^^^^^^^^^^^^^^^^^^^^^
E   psycopg2.OperationalError: could not translate host name "db" to address: Name or service not known

The above exception was the direct cause of the following exception:
tests\test_api.py:11: in client
    with TestClient(app) as test_client:
         ^^^^^^^^^^^^^^^
C:\Users\Huawei\AppData\Local\Programs\Python\Python313\Lib\site-packages\starlette\testclient.py:688: in __enter__
    portal.call(self.wait_startup)
C:\Users\Huawei\AppData\Local\Programs\Python\Python313\Lib\site-packages\anyio\from_thread.py:334: in call
    return cast(T_Retval, self.start_task_soon(func, *args).result())
                          ^^^^^^^^^^^^^^^^^^^^^^^^^^^^^^^^^^^^^^^^^^
C:\Users\Huawei\AppData\Local\Programs\Python\Python313\Lib\concurrent\futures\_base.py:456: in result
    return self.__get_result()
           ^^^^^^^^^^^^^^^^^^^
C:\Users\Huawei\AppData\Local\Programs\Python\Python313\Lib\concurrent\futures\_base.py:401: in __get_result
    raise self._exception
C:\Users\Huawei\AppData\Local\Programs\Python\Python313\Lib\site-packages\anyio\from_thread.py:259: in _call_func
    retval = await retval_or_awaitable
             ^^^^^^^^^^^^^^^^^^^^^^^^^
C:\Users\Huawei\AppData\Local\Programs\Python\Python313\Lib\site-packages\starlette\testclient.py:723: in wait_startup
    await receive()
C:\Users\Huawei\AppData\Local\Programs\Python\Python313\Lib\site-packages\starlette\testclient.py:714: in receive
    self.task.result()
C:\Users\Huawei\AppData\Local\Programs\Python\Python313\Lib\concurrent\futures\_base.py:449: in result
    return self.__get_result()
           ^^^^^^^^^^^^^^^^^^^
C:\Users\Huawei\AppData\Local\Programs\Python\Python313\Lib\concurrent\futures\_base.py:401: in __get_result
    raise self._exception
C:\Users\Huawei\AppData\Local\Programs\Python\Python313\Lib\site-packages\anyio\from_thread.py:259: in _call_func
    retval = await retval_or_awaitable
             ^^^^^^^^^^^^^^^^^^^^^^^^^
C:\Users\Huawei\AppData\Local\Programs\Python\Python313\Lib\site-packages\starlette\testclient.py:704: in lifespan
    await self.app(scope, self.stream_receive.receive, self.stream_send.send)
C:\Users\Huawei\AppData\Local\Programs\Python\Python313\Lib\site-packages\fastapi\applications.py:1160: in __call__
    await super().__call__(scope, receive, send)
C:\Users\Huawei\AppData\Local\Programs\Python\Python313\Lib\site-packages\starlette\applications.py:107: in __call__
    await self.middleware_stack(scope, receive, send)
C:\Users\Huawei\AppData\Local\Programs\Python\Python313\Lib\site-packages\starlette\middleware\errors.py:151: in __call__
    await self.app(scope, receive, send)
C:\Users\Huawei\AppData\Local\Programs\Python\Python313\Lib\site-packages\starlette\middleware\exceptions.py:49: in __call__
    await self.app(scope, receive, send)
C:\Users\Huawei\AppData\Local\Programs\Python\Python313\Lib\site-packages\fastapi\middleware\asyncexitstack.py:18: in __call__
    await self.app(scope, receive, send)
C:\Users\Huawei\AppData\Local\Programs\Python\Python313\Lib\site-packages\starlette\routing.py:716: in __call__
    await self.middleware_stack(scope, receive, send)
C:\Users\Huawei\AppData\Local\Programs\Python\Python313\Lib\site-packages\starlette\routing.py:725: in app
    await self.lifespan(scope, receive, send)
C:\Users\Huawei\AppData\Local\Programs\Python\Python313\Lib\site-packages\starlette\routing.py:694: in lifespan
    async with self.lifespan_context(app) as maybe_state:
               ^^^^^^^^^^^^^^^^^^^^^^^^^^
C:\Users\Huawei\AppData\Local\Programs\Python\Python313\Lib\site-packages\fastapi\routing.py:237: in __aenter__
    await self._router._startup()
C:\Users\Huawei\AppData\Local\Programs\Python\Python313\Lib\site-packages\fastapi\routing.py:4880: in _startup
    await handler()
app\main.py:25: in startup_event
    init_db()
app\database.py:38: in init_db
    Base.metadata.create_all(bind=engine)
C:\Users\Huawei\AppData\Local\Programs\Python\Python313\Lib\site-packages\sqlalchemy\sql\schema.py:5928: in create_all
    bind._run_ddl_visitor(
C:\Users\Huawei\AppData\Local\Programs\Python\Python313\Lib\site-packages\sqlalchemy\engine\base.py:3267: in _run_ddl_visitor
    with self.begin() as conn:
         ^^^^^^^^^^^^
C:\Users\Huawei\AppData\Local\Programs\Python\Python313\Lib\contextlib.py:141: in __enter__
    return next(self.gen)
           ^^^^^^^^^^^^^^
C:\Users\Huawei\AppData\Local\Programs\Python\Python313\Lib\site-packages\sqlalchemy\engine\base.py:3257: in begin
    with self.connect() as conn:
         ^^^^^^^^^^^^^^
C:\Users\Huawei\AppData\Local\Programs\Python\Python313\Lib\site-packages\sqlalchemy\engine\base.py:3293: in connect
    return self._connection_cls(self)
           ^^^^^^^^^^^^^^^^^^^^^^^^^^
C:\Users\Huawei\AppData\Local\Programs\Python\Python313\Lib\site-packages\sqlalchemy\engine\base.py:145: in __init__
    Connection._handle_dbapi_exception_noconnection(
C:\Users\Huawei\AppData\Local\Programs\Python\Python313\Lib\site-packages\sqlalchemy\engine\base.py:2448: in _handle_dbapi_exception_noconnection
    raise sqlalchemy_exception.with_traceback(exc_info[2]) from e
C:\Users\Huawei\AppData\Local\Programs\Python\Python313\Lib\site-packages\sqlalchemy\engine\base.py:143: in __init__
    self._dbapi_connection = engine.raw_connection()
                             ^^^^^^^^^^^^^^^^^^^^^^^
C:\Users\Huawei\AppData\Local\Programs\Python\Python313\Lib\site-packages\sqlalchemy\engine\base.py:3317: in raw_connection
    return self.pool.connect()
           ^^^^^^^^^^^^^^^^^^^
C:\Users\Huawei\AppData\Local\Programs\Python\Python313\Lib\site-packages\sqlalchemy\pool\base.py:448: in connect
    return _ConnectionFairy._checkout(self)
           ^^^^^^^^^^^^^^^^^^^^^^^^^^^^^^^^
C:\Users\Huawei\AppData\Local\Programs\Python\Python313\Lib\site-packages\sqlalchemy\pool\base.py:1272: in _checkout
    fairy = _ConnectionRecord.checkout(pool)
            ^^^^^^^^^^^^^^^^^^^^^^^^^^^^^^^^
C:\Users\Huawei\AppData\Local\Programs\Python\Python313\Lib\site-packages\sqlalchemy\pool\base.py:712: in checkout
    rec = pool._do_get()
          ^^^^^^^^^^^^^^
C:\Users\Huawei\AppData\Local\Programs\Python\Python313\Lib\site-packages\sqlalchemy\pool\impl.py:177: in _do_get
    with util.safe_reraise():
         ^^^^^^^^^^^^^^^^^^^
C:\Users\Huawei\AppData\Local\Programs\Python\Python313\Lib\site-packages\sqlalchemy\util\langhelpers.py:121: in __exit__
    raise exc_value.with_traceback(exc_tb)
C:\Users\Huawei\AppData\Local\Programs\Python\Python313\Lib\site-packages\sqlalchemy\pool\impl.py:175: in _do_get
    return self._create_connection()
           ^^^^^^^^^^^^^^^^^^^^^^^^^
C:\Users\Huawei\AppData\Local\Programs\Python\Python313\Lib\site-packages\sqlalchemy\pool\base.py:389: in _create_connection
    return _ConnectionRecord(self)
           ^^^^^^^^^^^^^^^^^^^^^^^
C:\Users\Huawei\AppData\Local\Programs\Python\Python313\Lib\site-packages\sqlalchemy\pool\base.py:674: in __init__
    self.__connect()
C:\Users\Huawei\AppData\Local\Programs\Python\Python313\Lib\site-packages\sqlalchemy\pool\base.py:900: in __connect
    with util.safe_reraise():
         ^^^^^^^^^^^^^^^^^^^
C:\Users\Huawei\AppData\Local\Programs\Python\Python313\Lib\site-packages\sqlalchemy\util\langhelpers.py:121: in __exit__
    raise exc_value.with_traceback(exc_tb)
C:\Users\Huawei\AppData\Local\Programs\Python\Python313\Lib\site-packages\sqlalchemy\pool\base.py:896: in __connect
    self.dbapi_connection = connection = pool._invoke_creator(self)
                                         ^^^^^^^^^^^^^^^^^^^^^^^^^^
C:\Users\Huawei\AppData\Local\Programs\Python\Python313\Lib\site-packages\sqlalchemy\engine\create.py:667: in connect
    return dialect.connect(*cargs_tup, **cparams)
           ^^^^^^^^^^^^^^^^^^^^^^^^^^^^^^^^^^^^^^
C:\Users\Huawei\AppData\Local\Programs\Python\Python313\Lib\site-packages\sqlalchemy\engine\default.py:630: in connect
    return self.loaded_dbapi.connect(*cargs, **cparams)  # type: ignore[no-any-return]  # NOQA: E501
           ^^^^^^^^^^^^^^^^^^^^^^^^^^^^^^^^^^^^^^^^^^^^
C:\Users\Huawei\AppData\Local\Programs\Python\Python313\Lib\site-packages\psycopg2\__init__.py:135: in connect
    conn = _connect(dsn, connection_factory=connection_factory, **kwasync)
           ^^^^^^^^^^^^^^^^^^^^^^^^^^^^^^^^^^^^^^^^^^^^^^^^^^^^^^^^^^^^^^^
E   sqlalchemy.exc.OperationalError: (psycopg2.OperationalError) could not translate host name "db" to address: Name or service not known
E   
E   (Background on this error at: https://sqlalche.me/e/20/e3q8)
___________________ ERROR at setup of test_history_endpoint ___________________
C:\Users\Huawei\AppData\Local\Programs\Python\Python313\Lib\site-packages\sqlalchemy\engine\base.py:143: in __init__
    self._dbapi_connection = engine.raw_connection()
                             ^^^^^^^^^^^^^^^^^^^^^^^
C:\Users\Huawei\AppData\Local\Programs\Python\Python313\Lib\site-packages\sqlalchemy\engine\base.py:3317: in raw_connection
    return self.pool.connect()
           ^^^^^^^^^^^^^^^^^^^
C:\Users\Huawei\AppData\Local\Programs\Python\Python313\Lib\site-packages\sqlalchemy\pool\base.py:448: in connect
    return _ConnectionFairy._checkout(self)
           ^^^^^^^^^^^^^^^^^^^^^^^^^^^^^^^^
C:\Users\Huawei\AppData\Local\Programs\Python\Python313\Lib\site-packages\sqlalchemy\pool\base.py:1272: in _checkout
    fairy = _ConnectionRecord.checkout(pool)
            ^^^^^^^^^^^^^^^^^^^^^^^^^^^^^^^^
C:\Users\Huawei\AppData\Local\Programs\Python\Python313\Lib\site-packages\sqlalchemy\pool\base.py:712: in checkout
    rec = pool._do_get()
          ^^^^^^^^^^^^^^
C:\Users\Huawei\AppData\Local\Programs\Python\Python313\Lib\site-packages\sqlalchemy\pool\impl.py:177: in _do_get
    with util.safe_reraise():
         ^^^^^^^^^^^^^^^^^^^
C:\Users\Huawei\AppData\Local\Programs\Python\Python313\Lib\site-packages\sqlalchemy\util\langhelpers.py:121: in __exit__
    raise exc_value.with_traceback(exc_tb)
C:\Users\Huawei\AppData\Local\Programs\Python\Python313\Lib\site-packages\sqlalchemy\pool\impl.py:175: in _do_get
    return self._create_connection()
           ^^^^^^^^^^^^^^^^^^^^^^^^^
C:\Users\Huawei\AppData\Local\Programs\Python\Python313\Lib\site-packages\sqlalchemy\pool\base.py:389: in _create_connection
    return _ConnectionRecord(self)
           ^^^^^^^^^^^^^^^^^^^^^^^
C:\Users\Huawei\AppData\Local\Programs\Python\Python313\Lib\site-packages\sqlalchemy\pool\base.py:674: in __init__
    self.__connect()
C:\Users\Huawei\AppData\Local\Programs\Python\Python313\Lib\site-packages\sqlalchemy\pool\base.py:900: in __connect
    with util.safe_reraise():
         ^^^^^^^^^^^^^^^^^^^
C:\Users\Huawei\AppData\Local\Programs\Python\Python313\Lib\site-packages\sqlalchemy\util\langhelpers.py:121: in __exit__
    raise exc_value.with_traceback(exc_tb)
C:\Users\Huawei\AppData\Local\Programs\Python\Python313\Lib\site-packages\sqlalchemy\pool\base.py:896: in __connect
    self.dbapi_connection = connection = pool._invoke_creator(self)
                                         ^^^^^^^^^^^^^^^^^^^^^^^^^^
C:\Users\Huawei\AppData\Local\Programs\Python\Python313\Lib\site-packages\sqlalchemy\engine\create.py:667: in connect
    return dialect.connect(*cargs_tup, **cparams)
           ^^^^^^^^^^^^^^^^^^^^^^^^^^^^^^^^^^^^^^
C:\Users\Huawei\AppData\Local\Programs\Python\Python313\Lib\site-packages\sqlalchemy\engine\default.py:630: in connect
    return self.loaded_dbapi.connect(*cargs, **cparams)  # type: ignore[no-any-return]  # NOQA: E501
           ^^^^^^^^^^^^^^^^^^^^^^^^^^^^^^^^^^^^^^^^^^^^
C:\Users\Huawei\AppData\Local\Programs\Python\Python313\Lib\site-packages\psycopg2\__init__.py:135: in connect
    conn = _connect(dsn, connection_factory=connection_factory, **kwasync)
           ^^^^^^^^^^^^^^^^^^^^^^^^^^^^^^^^^^^^^^^^^^^^^^^^^^^^^^^^^^^^^^^
E   psycopg2.OperationalError: could not translate host name "db" to address: Name or service not known

The above exception was the direct cause of the following exception:
tests\test_api.py:11: in client
    with TestClient(app) as test_client:
         ^^^^^^^^^^^^^^^
C:\Users\Huawei\AppData\Local\Programs\Python\Python313\Lib\site-packages\starlette\testclient.py:688: in __enter__
    portal.call(self.wait_startup)
C:\Users\Huawei\AppData\Local\Programs\Python\Python313\Lib\site-packages\anyio\from_thread.py:334: in call
    return cast(T_Retval, self.start_task_soon(func, *args).result())
                          ^^^^^^^^^^^^^^^^^^^^^^^^^^^^^^^^^^^^^^^^^^
C:\Users\Huawei\AppData\Local\Programs\Python\Python313\Lib\concurrent\futures\_base.py:456: in result
    return self.__get_result()
           ^^^^^^^^^^^^^^^^^^^
C:\Users\Huawei\AppData\Local\Programs\Python\Python313\Lib\concurrent\futures\_base.py:401: in __get_result
    raise self._exception
C:\Users\Huawei\AppData\Local\Programs\Python\Python313\Lib\site-packages\anyio\from_thread.py:259: in _call_func
    retval = await retval_or_awaitable
             ^^^^^^^^^^^^^^^^^^^^^^^^^
C:\Users\Huawei\AppData\Local\Programs\Python\Python313\Lib\site-packages\starlette\testclient.py:723: in wait_startup
    await receive()
C:\Users\Huawei\AppData\Local\Programs\Python\Python313\Lib\site-packages\starlette\testclient.py:714: in receive
    self.task.result()
C:\Users\Huawei\AppData\Local\Programs\Python\Python313\Lib\concurrent\futures\_base.py:449: in result
    return self.__get_result()
           ^^^^^^^^^^^^^^^^^^^
C:\Users\Huawei\AppData\Local\Programs\Python\Python313\Lib\concurrent\futures\_base.py:401: in __get_result
    raise self._exception
C:\Users\Huawei\AppData\Local\Programs\Python\Python313\Lib\site-packages\anyio\from_thread.py:259: in _call_func
    retval = await retval_or_awaitable
             ^^^^^^^^^^^^^^^^^^^^^^^^^
C:\Users\Huawei\AppData\Local\Programs\Python\Python313\Lib\site-packages\starlette\testclient.py:704: in lifespan
    await self.app(scope, self.stream_receive.receive, self.stream_send.send)
C:\Users\Huawei\AppData\Local\Programs\Python\Python313\Lib\site-packages\fastapi\applications.py:1160: in __call__
    await super().__call__(scope, receive, send)
C:\Users\Huawei\AppData\Local\Programs\Python\Python313\Lib\site-packages\starlette\applications.py:107: in __call__
    await self.middleware_stack(scope, receive, send)
C:\Users\Huawei\AppData\Local\Programs\Python\Python313\Lib\site-packages\starlette\middleware\errors.py:151: in __call__
    await self.app(scope, receive, send)
C:\Users\Huawei\AppData\Local\Programs\Python\Python313\Lib\site-packages\starlette\middleware\exceptions.py:49: in __call__
    await self.app(scope, receive, send)
C:\Users\Huawei\AppData\Local\Programs\Python\Python313\Lib\site-packages\fastapi\middleware\asyncexitstack.py:18: in __call__
    await self.app(scope, receive, send)
C:\Users\Huawei\AppData\Local\Programs\Python\Python313\Lib\site-packages\starlette\routing.py:716: in __call__
    await self.middleware_stack(scope, receive, send)
C:\Users\Huawei\AppData\Local\Programs\Python\Python313\Lib\site-packages\starlette\routing.py:725: in app
    await self.lifespan(scope, receive, send)
C:\Users\Huawei\AppData\Local\Programs\Python\Python313\Lib\site-packages\starlette\routing.py:694: in lifespan
    async with self.lifespan_context(app) as maybe_state:
               ^^^^^^^^^^^^^^^^^^^^^^^^^^
C:\Users\Huawei\AppData\Local\Programs\Python\Python313\Lib\site-packages\fastapi\routing.py:237: in __aenter__
    await self._router._startup()
C:\Users\Huawei\AppData\Local\Programs\Python\Python313\Lib\site-packages\fastapi\routing.py:4880: in _startup
    await handler()
app\main.py:25: in startup_event
    init_db()
app\database.py:38: in init_db
    Base.metadata.create_all(bind=engine)
C:\Users\Huawei\AppData\Local\Programs\Python\Python313\Lib\site-packages\sqlalchemy\sql\schema.py:5928: in create_all
    bind._run_ddl_visitor(
C:\Users\Huawei\AppData\Local\Programs\Python\Python313\Lib\site-packages\sqlalchemy\engine\base.py:3267: in _run_ddl_visitor
    with self.begin() as conn:
         ^^^^^^^^^^^^
C:\Users\Huawei\AppData\Local\Programs\Python\Python313\Lib\contextlib.py:141: in __enter__
    return next(self.gen)
           ^^^^^^^^^^^^^^
C:\Users\Huawei\AppData\Local\Programs\Python\Python313\Lib\site-packages\sqlalchemy\engine\base.py:3257: in begin
    with self.connect() as conn:
         ^^^^^^^^^^^^^^
C:\Users\Huawei\AppData\Local\Programs\Python\Python313\Lib\site-packages\sqlalchemy\engine\base.py:3293: in connect
    return self._connection_cls(self)
           ^^^^^^^^^^^^^^^^^^^^^^^^^^
C:\Users\Huawei\AppData\Local\Programs\Python\Python313\Lib\site-packages\sqlalchemy\engine\base.py:145: in __init__
    Connection._handle_dbapi_exception_noconnection(
C:\Users\Huawei\AppData\Local\Programs\Python\Python313\Lib\site-packages\sqlalchemy\engine\base.py:2448: in _handle_dbapi_exception_noconnection
    raise sqlalchemy_exception.with_traceback(exc_info[2]) from e
C:\Users\Huawei\AppData\Local\Programs\Python\Python313\Lib\site-packages\sqlalchemy\engine\base.py:143: in __init__
    self._dbapi_connection = engine.raw_connection()
                             ^^^^^^^^^^^^^^^^^^^^^^^
C:\Users\Huawei\AppData\Local\Programs\Python\Python313\Lib\site-packages\sqlalchemy\engine\base.py:3317: in raw_connection
    return self.pool.connect()
           ^^^^^^^^^^^^^^^^^^^
C:\Users\Huawei\AppData\Local\Programs\Python\Python313\Lib\site-packages\sqlalchemy\pool\base.py:448: in connect
    return _ConnectionFairy._checkout(self)
           ^^^^^^^^^^^^^^^^^^^^^^^^^^^^^^^^
C:\Users\Huawei\AppData\Local\Programs\Python\Python313\Lib\site-packages\sqlalchemy\pool\base.py:1272: in _checkout
    fairy = _ConnectionRecord.checkout(pool)
            ^^^^^^^^^^^^^^^^^^^^^^^^^^^^^^^^
C:\Users\Huawei\AppData\Local\Programs\Python\Python313\Lib\site-packages\sqlalchemy\pool\base.py:712: in checkout
    rec = pool._do_get()
          ^^^^^^^^^^^^^^
C:\Users\Huawei\AppData\Local\Programs\Python\Python313\Lib\site-packages\sqlalchemy\pool\impl.py:177: in _do_get
    with util.safe_reraise():
         ^^^^^^^^^^^^^^^^^^^
C:\Users\Huawei\AppData\Local\Programs\Python\Python313\Lib\site-packages\sqlalchemy\util\langhelpers.py:121: in __exit__
    raise exc_value.with_traceback(exc_tb)
C:\Users\Huawei\AppData\Local\Programs\Python\Python313\Lib\site-packages\sqlalchemy\pool\impl.py:175: in _do_get
    return self._create_connection()
           ^^^^^^^^^^^^^^^^^^^^^^^^^
C:\Users\Huawei\AppData\Local\Programs\Python\Python313\Lib\site-packages\sqlalchemy\pool\base.py:389: in _create_connection
    return _ConnectionRecord(self)
           ^^^^^^^^^^^^^^^^^^^^^^^
C:\Users\Huawei\AppData\Local\Programs\Python\Python313\Lib\site-packages\sqlalchemy\pool\base.py:674: in __init__
    self.__connect()
C:\Users\Huawei\AppData\Local\Programs\Python\Python313\Lib\site-packages\sqlalchemy\pool\base.py:900: in __connect
    with util.safe_reraise():
         ^^^^^^^^^^^^^^^^^^^
C:\Users\Huawei\AppData\Local\Programs\Python\Python313\Lib\site-packages\sqlalchemy\util\langhelpers.py:121: in __exit__
    raise exc_value.with_traceback(exc_tb)
C:\Users\Huawei\AppData\Local\Programs\Python\Python313\Lib\site-packages\sqlalchemy\pool\base.py:896: in __connect
    self.dbapi_connection = connection = pool._invoke_creator(self)
                                         ^^^^^^^^^^^^^^^^^^^^^^^^^^
C:\Users\Huawei\AppData\Local\Programs\Python\Python313\Lib\site-packages\sqlalchemy\engine\create.py:667: in connect
    return dialect.connect(*cargs_tup, **cparams)
           ^^^^^^^^^^^^^^^^^^^^^^^^^^^^^^^^^^^^^^
C:\Users\Huawei\AppData\Local\Programs\Python\Python313\Lib\site-packages\sqlalchemy\engine\default.py:630: in connect
    return self.loaded_dbapi.connect(*cargs, **cparams)  # type: ignore[no-any-return]  # NOQA: E501
           ^^^^^^^^^^^^^^^^^^^^^^^^^^^^^^^^^^^^^^^^^^^^
C:\Users\Huawei\AppData\Local\Programs\Python\Python313\Lib\site-packages\psycopg2\__init__.py:135: in connect
    conn = _connect(dsn, connection_factory=connection_factory, **kwasync)
           ^^^^^^^^^^^^^^^^^^^^^^^^^^^^^^^^^^^^^^^^^^^^^^^^^^^^^^^^^^^^^^^
E   sqlalchemy.exc.OperationalError: (psycopg2.OperationalError) could not translate host name "db" to address: Name or service not known
E   
E   (Background on this error at: https://sqlalche.me/e/20/e3q8)
____________________ ERROR at setup of test_stats_endpoint ____________________
C:\Users\Huawei\AppData\Local\Programs\Python\Python313\Lib\site-packages\sqlalchemy\engine\base.py:143: in __init__
    self._dbapi_connection = engine.raw_connection()
                             ^^^^^^^^^^^^^^^^^^^^^^^
C:\Users\Huawei\AppData\Local\Programs\Python\Python313\Lib\site-packages\sqlalchemy\engine\base.py:3317: in raw_connection
    return self.pool.connect()
           ^^^^^^^^^^^^^^^^^^^
C:\Users\Huawei\AppData\Local\Programs\Python\Python313\Lib\site-packages\sqlalchemy\pool\base.py:448: in connect
    return _ConnectionFairy._checkout(self)
           ^^^^^^^^^^^^^^^^^^^^^^^^^^^^^^^^
C:\Users\Huawei\AppData\Local\Programs\Python\Python313\Lib\site-packages\sqlalchemy\pool\base.py:1272: in _checkout
    fairy = _ConnectionRecord.checkout(pool)
            ^^^^^^^^^^^^^^^^^^^^^^^^^^^^^^^^
C:\Users\Huawei\AppData\Local\Programs\Python\Python313\Lib\site-packages\sqlalchemy\pool\base.py:712: in checkout
    rec = pool._do_get()
          ^^^^^^^^^^^^^^
C:\Users\Huawei\AppData\Local\Programs\Python\Python313\Lib\site-packages\sqlalchemy\pool\impl.py:177: in _do_get
    with util.safe_reraise():
         ^^^^^^^^^^^^^^^^^^^
C:\Users\Huawei\AppData\Local\Programs\Python\Python313\Lib\site-packages\sqlalchemy\util\langhelpers.py:121: in __exit__
    raise exc_value.with_traceback(exc_tb)
C:\Users\Huawei\AppData\Local\Programs\Python\Python313\Lib\site-packages\sqlalchemy\pool\impl.py:175: in _do_get
    return self._create_connection()
           ^^^^^^^^^^^^^^^^^^^^^^^^^
C:\Users\Huawei\AppData\Local\Programs\Python\Python313\Lib\site-packages\sqlalchemy\pool\base.py:389: in _create_connection
    return _ConnectionRecord(self)
           ^^^^^^^^^^^^^^^^^^^^^^^
C:\Users\Huawei\AppData\Local\Programs\Python\Python313\Lib\site-packages\sqlalchemy\pool\base.py:674: in __init__
    self.__connect()
C:\Users\Huawei\AppData\Local\Programs\Python\Python313\Lib\site-packages\sqlalchemy\pool\base.py:900: in __connect
    with util.safe_reraise():
         ^^^^^^^^^^^^^^^^^^^
C:\Users\Huawei\AppData\Local\Programs\Python\Python313\Lib\site-packages\sqlalchemy\util\langhelpers.py:121: in __exit__
    raise exc_value.with_traceback(exc_tb)
C:\Users\Huawei\AppData\Local\Programs\Python\Python313\Lib\site-packages\sqlalchemy\pool\base.py:896: in __connect
    self.dbapi_connection = connection = pool._invoke_creator(self)
                                         ^^^^^^^^^^^^^^^^^^^^^^^^^^
C:\Users\Huawei\AppData\Local\Programs\Python\Python313\Lib\site-packages\sqlalchemy\engine\create.py:667: in connect
    return dialect.connect(*cargs_tup, **cparams)
           ^^^^^^^^^^^^^^^^^^^^^^^^^^^^^^^^^^^^^^
C:\Users\Huawei\AppData\Local\Programs\Python\Python313\Lib\site-packages\sqlalchemy\engine\default.py:630: in connect
    return self.loaded_dbapi.connect(*cargs, **cparams)  # type: ignore[no-any-return]  # NOQA: E501
           ^^^^^^^^^^^^^^^^^^^^^^^^^^^^^^^^^^^^^^^^^^^^
C:\Users\Huawei\AppData\Local\Programs\Python\Python313\Lib\site-packages\psycopg2\__init__.py:135: in connect
    conn = _connect(dsn, connection_factory=connection_factory, **kwasync)
           ^^^^^^^^^^^^^^^^^^^^^^^^^^^^^^^^^^^^^^^^^^^^^^^^^^^^^^^^^^^^^^^
E   psycopg2.OperationalError: could not translate host name "db" to address: Name or service not known

The above exception was the direct cause of the following exception:
tests\test_api.py:11: in client
    with TestClient(app) as test_client:
         ^^^^^^^^^^^^^^^
C:\Users\Huawei\AppData\Local\Programs\Python\Python313\Lib\site-packages\starlette\testclient.py:688: in __enter__
    portal.call(self.wait_startup)
C:\Users\Huawei\AppData\Local\Programs\Python\Python313\Lib\site-packages\anyio\from_thread.py:334: in call
    return cast(T_Retval, self.start_task_soon(func, *args).result())
                          ^^^^^^^^^^^^^^^^^^^^^^^^^^^^^^^^^^^^^^^^^^
C:\Users\Huawei\AppData\Local\Programs\Python\Python313\Lib\concurrent\futures\_base.py:456: in result
    return self.__get_result()
           ^^^^^^^^^^^^^^^^^^^
C:\Users\Huawei\AppData\Local\Programs\Python\Python313\Lib\concurrent\futures\_base.py:401: in __get_result
    raise self._exception
C:\Users\Huawei\AppData\Local\Programs\Python\Python313\Lib\site-packages\anyio\from_thread.py:259: in _call_func
    retval = await retval_or_awaitable
             ^^^^^^^^^^^^^^^^^^^^^^^^^
C:\Users\Huawei\AppData\Local\Programs\Python\Python313\Lib\site-packages\starlette\testclient.py:723: in wait_startup
    await receive()
C:\Users\Huawei\AppData\Local\Programs\Python\Python313\Lib\site-packages\starlette\testclient.py:714: in receive
    self.task.result()
C:\Users\Huawei\AppData\Local\Programs\Python\Python313\Lib\concurrent\futures\_base.py:449: in result
    return self.__get_result()
           ^^^^^^^^^^^^^^^^^^^
C:\Users\Huawei\AppData\Local\Programs\Python\Python313\Lib\concurrent\futures\_base.py:401: in __get_result
    raise self._exception
C:\Users\Huawei\AppData\Local\Programs\Python\Python313\Lib\site-packages\anyio\from_thread.py:259: in _call_func
    retval = await retval_or_awaitable
             ^^^^^^^^^^^^^^^^^^^^^^^^^
C:\Users\Huawei\AppData\Local\Programs\Python\Python313\Lib\site-packages\starlette\testclient.py:704: in lifespan
    await self.app(scope, self.stream_receive.receive, self.stream_send.send)
C:\Users\Huawei\AppData\Local\Programs\Python\Python313\Lib\site-packages\fastapi\applications.py:1160: in __call__
    await super().__call__(scope, receive, send)
C:\Users\Huawei\AppData\Local\Programs\Python\Python313\Lib\site-packages\starlette\applications.py:107: in __call__
    await self.middleware_stack(scope, receive, send)
C:\Users\Huawei\AppData\Local\Programs\Python\Python313\Lib\site-packages\starlette\middleware\errors.py:151: in __call__
    await self.app(scope, receive, send)
C:\Users\Huawei\AppData\Local\Programs\Python\Python313\Lib\site-packages\starlette\middleware\exceptions.py:49: in __call__
    await self.app(scope, receive, send)
C:\Users\Huawei\AppData\Local\Programs\Python\Python313\Lib\site-packages\fastapi\middleware\asyncexitstack.py:18: in __call__
    await self.app(scope, receive, send)
C:\Users\Huawei\AppData\Local\Programs\Python\Python313\Lib\site-packages\starlette\routing.py:716: in __call__
    await self.middleware_stack(scope, receive, send)
C:\Users\Huawei\AppData\Local\Programs\Python\Python313\Lib\site-packages\starlette\routing.py:725: in app
    await self.lifespan(scope, receive, send)
C:\Users\Huawei\AppData\Local\Programs\Python\Python313\Lib\site-packages\starlette\routing.py:694: in lifespan
    async with self.lifespan_context(app) as maybe_state:
               ^^^^^^^^^^^^^^^^^^^^^^^^^^
C:\Users\Huawei\AppData\Local\Programs\Python\Python313\Lib\site-packages\fastapi\routing.py:237: in __aenter__
    await self._router._startup()
C:\Users\Huawei\AppData\Local\Programs\Python\Python313\Lib\site-packages\fastapi\routing.py:4880: in _startup
    await handler()
app\main.py:25: in startup_event
    init_db()
app\database.py:38: in init_db
    Base.metadata.create_all(bind=engine)
C:\Users\Huawei\AppData\Local\Programs\Python\Python313\Lib\site-packages\sqlalchemy\sql\schema.py:5928: in create_all
    bind._run_ddl_visitor(
C:\Users\Huawei\AppData\Local\Programs\Python\Python313\Lib\site-packages\sqlalchemy\engine\base.py:3267: in _run_ddl_visitor
    with self.begin() as conn:
         ^^^^^^^^^^^^
C:\Users\Huawei\AppData\Local\Programs\Python\Python313\Lib\contextlib.py:141: in __enter__
    return next(self.gen)
           ^^^^^^^^^^^^^^
C:\Users\Huawei\AppData\Local\Programs\Python\Python313\Lib\site-packages\sqlalchemy\engine\base.py:3257: in begin
    with self.connect() as conn:
         ^^^^^^^^^^^^^^
C:\Users\Huawei\AppData\Local\Programs\Python\Python313\Lib\site-packages\sqlalchemy\engine\base.py:3293: in connect
    return self._connection_cls(self)
           ^^^^^^^^^^^^^^^^^^^^^^^^^^
C:\Users\Huawei\AppData\Local\Programs\Python\Python313\Lib\site-packages\sqlalchemy\engine\base.py:145: in __init__
    Connection._handle_dbapi_exception_noconnection(
C:\Users\Huawei\AppData\Local\Programs\Python\Python313\Lib\site-packages\sqlalchemy\engine\base.py:2448: in _handle_dbapi_exception_noconnection
    raise sqlalchemy_exception.with_traceback(exc_info[2]) from e
C:\Users\Huawei\AppData\Local\Programs\Python\Python313\Lib\site-packages\sqlalchemy\engine\base.py:143: in __init__
    self._dbapi_connection = engine.raw_connection()
                             ^^^^^^^^^^^^^^^^^^^^^^^
C:\Users\Huawei\AppData\Local\Programs\Python\Python313\Lib\site-packages\sqlalchemy\engine\base.py:3317: in raw_connection
    return self.pool.connect()
           ^^^^^^^^^^^^^^^^^^^
C:\Users\Huawei\AppData\Local\Programs\Python\Python313\Lib\site-packages\sqlalchemy\pool\base.py:448: in connect
    return _ConnectionFairy._checkout(self)
           ^^^^^^^^^^^^^^^^^^^^^^^^^^^^^^^^
C:\Users\Huawei\AppData\Local\Programs\Python\Python313\Lib\site-packages\sqlalchemy\pool\base.py:1272: in _checkout
    fairy = _ConnectionRecord.checkout(pool)
            ^^^^^^^^^^^^^^^^^^^^^^^^^^^^^^^^
C:\Users\Huawei\AppData\Local\Programs\Python\Python313\Lib\site-packages\sqlalchemy\pool\base.py:712: in checkout
    rec = pool._do_get()
          ^^^^^^^^^^^^^^
C:\Users\Huawei\AppData\Local\Programs\Python\Python313\Lib\site-packages\sqlalchemy\pool\impl.py:177: in _do_get
    with util.safe_reraise():
         ^^^^^^^^^^^^^^^^^^^
C:\Users\Huawei\AppData\Local\Programs\Python\Python313\Lib\site-packages\sqlalchemy\util\langhelpers.py:121: in __exit__
    raise exc_value.with_traceback(exc_tb)
C:\Users\Huawei\AppData\Local\Programs\Python\Python313\Lib\site-packages\sqlalchemy\pool\impl.py:175: in _do_get
    return self._create_connection()
           ^^^^^^^^^^^^^^^^^^^^^^^^^
C:\Users\Huawei\AppData\Local\Programs\Python\Python313\Lib\site-packages\sqlalchemy\pool\base.py:389: in _create_connection
    return _ConnectionRecord(self)
           ^^^^^^^^^^^^^^^^^^^^^^^
C:\Users\Huawei\AppData\Local\Programs\Python\Python313\Lib\site-packages\sqlalchemy\pool\base.py:674: in __init__
    self.__connect()
C:\Users\Huawei\AppData\Local\Programs\Python\Python313\Lib\site-packages\sqlalchemy\pool\base.py:900: in __connect
    with util.safe_reraise():
         ^^^^^^^^^^^^^^^^^^^
C:\Users\Huawei\AppData\Local\Programs\Python\Python313\Lib\site-packages\sqlalchemy\util\langhelpers.py:121: in __exit__
    raise exc_value.with_traceback(exc_tb)
C:\Users\Huawei\AppData\Local\Programs\Python\Python313\Lib\site-packages\sqlalchemy\pool\base.py:896: in __connect
    self.dbapi_connection = connection = pool._invoke_creator(self)
                                         ^^^^^^^^^^^^^^^^^^^^^^^^^^
C:\Users\Huawei\AppData\Local\Programs\Python\Python313\Lib\site-packages\sqlalchemy\engine\create.py:667: in connect
    return dialect.connect(*cargs_tup, **cparams)
           ^^^^^^^^^^^^^^^^^^^^^^^^^^^^^^^^^^^^^^
C:\Users\Huawei\AppData\Local\Programs\Python\Python313\Lib\site-packages\sqlalchemy\engine\default.py:630: in connect
    return self.loaded_dbapi.connect(*cargs, **cparams)  # type: ignore[no-any-return]  # NOQA: E501
           ^^^^^^^^^^^^^^^^^^^^^^^^^^^^^^^^^^^^^^^^^^^^
C:\Users\Huawei\AppData\Local\Programs\Python\Python313\Lib\site-packages\psycopg2\__init__.py:135: in connect
    conn = _connect(dsn, connection_factory=connection_factory, **kwasync)
           ^^^^^^^^^^^^^^^^^^^^^^^^^^^^^^^^^^^^^^^^^^^^^^^^^^^^^^^^^^^^^^^
E   sqlalchemy.exc.OperationalError: (psycopg2.OperationalError) could not translate host name "db" to address: Name or service not known
E   
E   (Background on this error at: https://sqlalche.me/e/20/e3q8)
============================== warnings summary ===============================
app\schemas.py:4
  C:\code\labfastapi\app\schemas.py:4: PydanticDeprecatedSince20: Support for class-based `config` is deprecated, use ConfigDict instead. Deprecated in Pydantic V2.0 to be removed in V3.0. See Pydantic V2 Migration Guide at https://errors.pydantic.dev/2.12/migration/
    class CustomerFeatures(BaseModel):

..\..\Users\Huawei\AppData\Local\Programs\Python\Python313\Lib\site-packages\pydantic\_internal\_config.py:383
  C:\Users\Huawei\AppData\Local\Programs\Python\Python313\Lib\site-packages\pydantic\_internal\_config.py:383: UserWarning: Valid config keys have changed in V2:
  * 'schema_extra' has been renamed to 'json_schema_extra'
    warnings.warn(message, UserWarning)

app\schemas.py:42
  C:\code\labfastapi\app\schemas.py:42: PydanticDeprecatedSince20: Support for class-based `config` is deprecated, use ConfigDict instead. Deprecated in Pydantic V2.0 to be removed in V3.0. See Pydantic V2 Migration Guide at https://errors.pydantic.dev/2.12/migration/
    class PredictionLog(BaseModel):

..\..\Users\Huawei\AppData\Local\Programs\Python\Python313\Lib\site-packages\pydantic\_internal\_config.py:383
  C:\Users\Huawei\AppData\Local\Programs\Python\Python313\Lib\site-packages\pydantic\_internal\_config.py:383: UserWarning: Valid config keys have changed in V2:
  * 'orm_mode' has been renamed to 'from_attributes'
    warnings.warn(message, UserWarning)

app\main.py:22
  C:\code\labfastapi\app\main.py:22: DeprecationWarning: 
          on_event is deprecated, use lifespan event handlers instead.
  
          Read more about it in the
          [FastAPI docs for Lifespan Events](https://fastapi.tiangolo.com/advanced/events/).
          
    @app.on_event("startup")

..\..\Users\Huawei\AppData\Local\Programs\Python\Python313\Lib\site-packages\fastapi\applications.py:4599
  C:\Users\Huawei\AppData\Local\Programs\Python\Python313\Lib\site-packages\fastapi\applications.py:4599: DeprecationWarning: 
          on_event is deprecated, use lifespan event handlers instead.
  
          Read more about it in the
          [FastAPI docs for Lifespan Events](https://fastapi.tiangolo.com/advanced/events/).
          
    return self.router.on_event(event_type)

-- Docs: https://docs.pytest.org/en/stable/how-to/capture-warnings.html
=========================== short test summary info ===========================
ERROR tests/test_api.py::test_root_endpoint - sqlalchemy.exc.OperationalError...
ERROR tests/test_api.py::test_health_check - sqlalchemy.exc.OperationalError:...
ERROR tests/test_api.py::test_predict_valid - sqlalchemy.exc.OperationalError...
ERROR tests/test_api.py::test_predict_invalid_data - sqlalchemy.exc.Operation...
ERROR tests/test_api.py::test_predict_different_customers - sqlalchemy.exc.Op...
ERROR tests/test_api.py::test_history_endpoint - sqlalchemy.exc.OperationalEr...
ERROR tests/test_api.py::test_stats_endpoint - sqlalchemy.exc.OperationalErro...
================== 6 warnings, 7 errors in 74.98s (0:01:14) ===================
